{"$message_type":"diagnostic","message":"mismatched types","code":{"code":"E0308","explanation":"Expected type did not match the received type.\n\nErroneous code examples:\n\n```compile_fail,E0308\nfn plus_one(x: i32) -> i32 {\n    x + 1\n}\n\nplus_one(\"Not a number\");\n//       ^^^^^^^^^^^^^^ expected `i32`, found `&str`\n\nif \"Not a bool\" {\n// ^^^^^^^^^^^^ expected `bool`, found `&str`\n}\n\nlet x: f32 = \"Not a float\";\n//     ---   ^^^^^^^^^^^^^ expected `f32`, found `&str`\n//     |\n//     expected due to this\n```\n\nThis error occurs when an expression was used in a place where the compiler\nexpected an expression of a different type. It can occur in several cases, the\nmost common being when calling a function and passing an argument which has a\ndifferent type than the matching type in the function declaration.\n"},"level":"error","spans":[{"file_name":"/home/ubuntu/BLAKE3/src/portable.rs","byte_start":4155,"byte_end":4199,"line_start":150,"line_end":150,"column_start":12,"column_end":56,"is_primary":true,"text":[{"text":"    *out = crate::platform::le_bytes_from_words_32(&cv);","highlight_start":12,"highlight_end":56}],"label":"expected an array with a fixed size of 26 elements, found one with 32 elements","suggested_replacement":null,"suggestion_applicability":null,"expansion":null}],"children":[],"rendered":"\u001b[0m\u001b[1m\u001b[38;5;9merror[E0308]\u001b[0m\u001b[0m\u001b[1m: mismatched types\u001b[0m\n\u001b[0m   \u001b[0m\u001b[0m\u001b[1m\u001b[38;5;12m--> \u001b[0m\u001b[0m/home/ubuntu/BLAKE3/src/portable.rs:150:12\u001b[0m\n\u001b[0m    \u001b[0m\u001b[0m\u001b[1m\u001b[38;5;12m|\u001b[0m\n\u001b[0m\u001b[1m\u001b[38;5;12m150\u001b[0m\u001b[0m \u001b[0m\u001b[0m\u001b[1m\u001b[38;5;12m|\u001b[0m\u001b[0m \u001b[0m\u001b[0m    *out = crate::platform::le_bytes_from_words_32(&cv);\u001b[0m\n\u001b[0m    \u001b[0m\u001b[0m\u001b[1m\u001b[38;5;12m| \u001b[0m\u001b[0m           \u001b[0m\u001b[0m\u001b[1m\u001b[38;5;9m^^^^^^^^^^^^^^^^^^^^^^^^^^^^^^^^^^^^^^^^^^^^\u001b[0m\u001b[0m \u001b[0m\u001b[0m\u001b[1m\u001b[38;5;9mexpected an array with a fixed size of 26 elements, found one with 32 elements\u001b[0m\n\n"}
{"$message_type":"diagnostic","message":"arguments to this function are incorrect","code":{"code":"E0308","explanation":"Expected type did not match the received type.\n\nErroneous code examples:\n\n```compile_fail,E0308\nfn plus_one(x: i32) -> i32 {\n    x + 1\n}\n\nplus_one(\"Not a number\");\n//       ^^^^^^^^^^^^^^ expected `i32`, found `&str`\n\nif \"Not a bool\" {\n// ^^^^^^^^^^^^ expected `bool`, found `&str`\n}\n\nlet x: f32 = \"Not a float\";\n//     ---   ^^^^^^^^^^^^^ expected `f32`, found `&str`\n//     |\n//     expected due to this\n```\n\nThis error occurs when an expression was used in a place where the compiler\nexpected an expression of a different type. It can occur in several cases, the\nmost common being when calling a function and passing an argument which has a\ndifferent type than the matching type in the function declaration.\n"},"level":"error","spans":[{"file_name":"/home/ubuntu/BLAKE3/src/lib.rs","byte_start":11877,"byte_end":11884,"line_start":330,"line_end":330,"column_start":47,"column_end":54,"is_primary":false,"text":[{"text":"        constant_time_eq::constant_time_eq_32(&self.0, &other.0)","highlight_start":47,"highlight_end":54}],"label":"expected an array with a fixed size of 32 elements, found one with 26 elements","suggested_replacement":null,"suggestion_applicability":null,"expansion":null},{"file_name":"/home/ubuntu/BLAKE3/src/lib.rs","byte_start":11886,"byte_end":11894,"line_start":330,"line_end":330,"column_start":56,"column_end":64,"is_primary":false,"text":[{"text":"        constant_time_eq::constant_time_eq_32(&self.0, &other.0)","highlight_start":56,"highlight_end":64}],"label":"expected an array with a fixed size of 32 elements, found one with 26 elements","suggested_replacement":null,"suggestion_applicability":null,"expansion":null},{"file_name":"/home/ubuntu/BLAKE3/src/lib.rs","byte_start":11839,"byte_end":11876,"line_start":330,"line_end":330,"column_start":9,"column_end":46,"is_primary":true,"text":[{"text":"        constant_time_eq::constant_time_eq_32(&self.0, &other.0)","highlight_start":9,"highlight_end":46}],"label":null,"suggested_replacement":null,"suggestion_applicability":null,"expansion":null}],"children":[{"message":"function defined here","code":null,"level":"note","spans":[{"file_name":"/home/ubuntu/.cargo/registry/src/index.crates.io-6f17d22bba15001f/constant_time_eq-0.3.0/src/lib.rs","byte_start":4202,"byte_end":4221,"line_start":156,"line_end":156,"column_start":8,"column_end":27,"is_primary":true,"text":[{"text":"pub fn constant_time_eq_32(a: &[u8; 32], b: &[u8; 32]) -> bool {","highlight_start":8,"highlight_end":27}],"label":null,"suggested_replacement":null,"suggestion_applicability":null,"expansion":null}],"children":[],"rendered":null}],"rendered":"\u001b[0m\u001b[1m\u001b[38;5;9merror[E0308]\u001b[0m\u001b[0m\u001b[1m: arguments to this function are incorrect\u001b[0m\n\u001b[0m   \u001b[0m\u001b[0m\u001b[1m\u001b[38;5;12m--> \u001b[0m\u001b[0m/home/ubuntu/BLAKE3/src/lib.rs:330:9\u001b[0m\n\u001b[0m    \u001b[0m\u001b[0m\u001b[1m\u001b[38;5;12m|\u001b[0m\n\u001b[0m\u001b[1m\u001b[38;5;12m330\u001b[0m\u001b[0m \u001b[0m\u001b[0m\u001b[1m\u001b[38;5;12m|\u001b[0m\u001b[0m \u001b[0m\u001b[0m        constant_time_eq::constant_time_eq_32(&self.0, &other.0)\u001b[0m\n\u001b[0m    \u001b[0m\u001b[0m\u001b[1m\u001b[38;5;12m| \u001b[0m\u001b[0m        \u001b[0m\u001b[0m\u001b[1m\u001b[38;5;9m^^^^^^^^^^^^^^^^^^^^^^^^^^^^^^^^^^^^^\u001b[0m\u001b[0m \u001b[0m\u001b[0m\u001b[1m\u001b[38;5;12m-------\u001b[0m\u001b[0m  \u001b[0m\u001b[0m\u001b[1m\u001b[38;5;12m--------\u001b[0m\u001b[0m \u001b[0m\u001b[0m\u001b[1m\u001b[38;5;12mexpected an array with a fixed size of 32 elements, found one with 26 elements\u001b[0m\n\u001b[0m    \u001b[0m\u001b[0m\u001b[1m\u001b[38;5;12m| \u001b[0m\u001b[0m                                              \u001b[0m\u001b[0m\u001b[1m\u001b[38;5;12m|\u001b[0m\n\u001b[0m    \u001b[0m\u001b[0m\u001b[1m\u001b[38;5;12m| \u001b[0m\u001b[0m                                              \u001b[0m\u001b[0m\u001b[1m\u001b[38;5;12mexpected an array with a fixed size of 32 elements, found one with 26 elements\u001b[0m\n\u001b[0m    \u001b[0m\u001b[0m\u001b[1m\u001b[38;5;12m|\u001b[0m\n\u001b[0m\u001b[1m\u001b[38;5;10mnote\u001b[0m\u001b[0m: function defined here\u001b[0m\n\u001b[0m   \u001b[0m\u001b[0m\u001b[1m\u001b[38;5;12m--> \u001b[0m\u001b[0m/home/ubuntu/.cargo/registry/src/index.crates.io-6f17d22bba15001f/constant_time_eq-0.3.0/src/lib.rs:156:8\u001b[0m\n\u001b[0m    \u001b[0m\u001b[0m\u001b[1m\u001b[38;5;12m|\u001b[0m\n\u001b[0m\u001b[1m\u001b[38;5;12m156\u001b[0m\u001b[0m \u001b[0m\u001b[0m\u001b[1m\u001b[38;5;12m|\u001b[0m\u001b[0m \u001b[0m\u001b[0mpub fn constant_time_eq_32(a: &[u8; 32], b: &[u8; 32]) -> bool {\u001b[0m\n\u001b[0m    \u001b[0m\u001b[0m\u001b[1m\u001b[38;5;12m| \u001b[0m\u001b[0m       \u001b[0m\u001b[0m\u001b[1m\u001b[38;5;10m^^^^^^^^^^^^^^^^^^^\u001b[0m\n\n"}
{"$message_type":"diagnostic","message":"arguments to this function are incorrect","code":{"code":"E0308","explanation":"Expected type did not match the received type.\n\nErroneous code examples:\n\n```compile_fail,E0308\nfn plus_one(x: i32) -> i32 {\n    x + 1\n}\n\nplus_one(\"Not a number\");\n//       ^^^^^^^^^^^^^^ expected `i32`, found `&str`\n\nif \"Not a bool\" {\n// ^^^^^^^^^^^^ expected `bool`, found `&str`\n}\n\nlet x: f32 = \"Not a float\";\n//     ---   ^^^^^^^^^^^^^ expected `f32`, found `&str`\n//     |\n//     expected due to this\n```\n\nThis error occurs when an expression was used in a place where the compiler\nexpected an expression of a different type. It can occur in several cases, the\nmost common being when calling a function and passing an argument which has a\ndifferent type than the matching type in the function declaration.\n"},"level":"error","spans":[{"file_name":"/home/ubuntu/BLAKE3/src/lib.rs","byte_start":12199,"byte_end":12206,"line_start":341,"line_end":341,"column_start":47,"column_end":54,"is_primary":false,"text":[{"text":"        constant_time_eq::constant_time_eq_32(&self.0, other)","highlight_start":47,"highlight_end":54}],"label":"expected an array with a fixed size of 32 elements, found one with 26 elements","suggested_replacement":null,"suggestion_applicability":null,"expansion":null},{"file_name":"/home/ubuntu/BLAKE3/src/lib.rs","byte_start":12208,"byte_end":12213,"line_start":341,"line_end":341,"column_start":56,"column_end":61,"is_primary":false,"text":[{"text":"        constant_time_eq::constant_time_eq_32(&self.0, other)","highlight_start":56,"highlight_end":61}],"label":"expected an array with a fixed size of 32 elements, found one with 26 elements","suggested_replacement":null,"suggestion_applicability":null,"expansion":null},{"file_name":"/home/ubuntu/BLAKE3/src/lib.rs","byte_start":12161,"byte_end":12198,"line_start":341,"line_end":341,"column_start":9,"column_end":46,"is_primary":true,"text":[{"text":"        constant_time_eq::constant_time_eq_32(&self.0, other)","highlight_start":9,"highlight_end":46}],"label":null,"suggested_replacement":null,"suggestion_applicability":null,"expansion":null}],"children":[{"message":"function defined here","code":null,"level":"note","spans":[{"file_name":"/home/ubuntu/.cargo/registry/src/index.crates.io-6f17d22bba15001f/constant_time_eq-0.3.0/src/lib.rs","byte_start":4202,"byte_end":4221,"line_start":156,"line_end":156,"column_start":8,"column_end":27,"is_primary":true,"text":[{"text":"pub fn constant_time_eq_32(a: &[u8; 32], b: &[u8; 32]) -> bool {","highlight_start":8,"highlight_end":27}],"label":null,"suggested_replacement":null,"suggestion_applicability":null,"expansion":null}],"children":[],"rendered":null}],"rendered":"\u001b[0m\u001b[1m\u001b[38;5;9merror[E0308]\u001b[0m\u001b[0m\u001b[1m: arguments to this function are incorrect\u001b[0m\n\u001b[0m   \u001b[0m\u001b[0m\u001b[1m\u001b[38;5;12m--> \u001b[0m\u001b[0m/home/ubuntu/BLAKE3/src/lib.rs:341:9\u001b[0m\n\u001b[0m    \u001b[0m\u001b[0m\u001b[1m\u001b[38;5;12m|\u001b[0m\n\u001b[0m\u001b[1m\u001b[38;5;12m341\u001b[0m\u001b[0m \u001b[0m\u001b[0m\u001b[1m\u001b[38;5;12m|\u001b[0m\u001b[0m \u001b[0m\u001b[0m        constant_time_eq::constant_time_eq_32(&self.0, other)\u001b[0m\n\u001b[0m    \u001b[0m\u001b[0m\u001b[1m\u001b[38;5;12m| \u001b[0m\u001b[0m        \u001b[0m\u001b[0m\u001b[1m\u001b[38;5;9m^^^^^^^^^^^^^^^^^^^^^^^^^^^^^^^^^^^^^\u001b[0m\u001b[0m \u001b[0m\u001b[0m\u001b[1m\u001b[38;5;12m-------\u001b[0m\u001b[0m  \u001b[0m\u001b[0m\u001b[1m\u001b[38;5;12m-----\u001b[0m\u001b[0m \u001b[0m\u001b[0m\u001b[1m\u001b[38;5;12mexpected an array with a fixed size of 32 elements, found one with 26 elements\u001b[0m\n\u001b[0m    \u001b[0m\u001b[0m\u001b[1m\u001b[38;5;12m| \u001b[0m\u001b[0m                                              \u001b[0m\u001b[0m\u001b[1m\u001b[38;5;12m|\u001b[0m\n\u001b[0m    \u001b[0m\u001b[0m\u001b[1m\u001b[38;5;12m| \u001b[0m\u001b[0m                                              \u001b[0m\u001b[0m\u001b[1m\u001b[38;5;12mexpected an array with a fixed size of 32 elements, found one with 26 elements\u001b[0m\n\u001b[0m    \u001b[0m\u001b[0m\u001b[1m\u001b[38;5;12m|\u001b[0m\n\u001b[0m\u001b[1m\u001b[38;5;10mnote\u001b[0m\u001b[0m: function defined here\u001b[0m\n\u001b[0m   \u001b[0m\u001b[0m\u001b[1m\u001b[38;5;12m--> \u001b[0m\u001b[0m/home/ubuntu/.cargo/registry/src/index.crates.io-6f17d22bba15001f/constant_time_eq-0.3.0/src/lib.rs:156:8\u001b[0m\n\u001b[0m    \u001b[0m\u001b[0m\u001b[1m\u001b[38;5;12m|\u001b[0m\n\u001b[0m\u001b[1m\u001b[38;5;12m156\u001b[0m\u001b[0m \u001b[0m\u001b[0m\u001b[1m\u001b[38;5;12m|\u001b[0m\u001b[0m \u001b[0m\u001b[0mpub fn constant_time_eq_32(a: &[u8; 32], b: &[u8; 32]) -> bool {\u001b[0m\n\u001b[0m    \u001b[0m\u001b[0m\u001b[1m\u001b[38;5;12m| \u001b[0m\u001b[0m       \u001b[0m\u001b[0m\u001b[1m\u001b[38;5;10m^^^^^^^^^^^^^^^^^^^\u001b[0m\n\n"}
{"$message_type":"diagnostic","message":"mismatched types","code":{"code":"E0308","explanation":"Expected type did not match the received type.\n\nErroneous code examples:\n\n```compile_fail,E0308\nfn plus_one(x: i32) -> i32 {\n    x + 1\n}\n\nplus_one(\"Not a number\");\n//       ^^^^^^^^^^^^^^ expected `i32`, found `&str`\n\nif \"Not a bool\" {\n// ^^^^^^^^^^^^ expected `bool`, found `&str`\n}\n\nlet x: f32 = \"Not a float\";\n//     ---   ^^^^^^^^^^^^^ expected `f32`, found `&str`\n//     |\n//     expected due to this\n```\n\nThis error occurs when an expression was used in a place where the compiler\nexpected an expression of a different type. It can occur in several cases, the\nmost common being when calling a function and passing an argument which has a\ndifferent type than the matching type in the function declaration.\n"},"level":"error","spans":[{"file_name":"/home/ubuntu/BLAKE3/src/lib.rs","byte_start":15272,"byte_end":15309,"line_start":441,"line_end":441,"column_start":9,"column_end":46,"is_primary":true,"text":[{"text":"        platform::le_bytes_from_words_32(&cv)","highlight_start":9,"highlight_end":46}],"label":"expected an array with a fixed size of 26 elements, found one with 32 elements","suggested_replacement":null,"suggestion_applicability":null,"expansion":null},{"file_name":"/home/ubuntu/BLAKE3/src/lib.rs","byte_start":15030,"byte_end":15037,"line_start":432,"line_end":432,"column_start":33,"column_end":40,"is_primary":false,"text":[{"text":"    fn chaining_value(&self) -> CVBytes {","highlight_start":33,"highlight_end":40}],"label":"expected `[u8; 26]` because of return type","suggested_replacement":null,"suggestion_applicability":null,"expansion":null}],"children":[],"rendered":"\u001b[0m\u001b[1m\u001b[38;5;9merror[E0308]\u001b[0m\u001b[0m\u001b[1m: mismatched types\u001b[0m\n\u001b[0m   \u001b[0m\u001b[0m\u001b[1m\u001b[38;5;12m--> \u001b[0m\u001b[0m/home/ubuntu/BLAKE3/src/lib.rs:441:9\u001b[0m\n\u001b[0m    \u001b[0m\u001b[0m\u001b[1m\u001b[38;5;12m|\u001b[0m\n\u001b[0m\u001b[1m\u001b[38;5;12m432\u001b[0m\u001b[0m \u001b[0m\u001b[0m\u001b[1m\u001b[38;5;12m|\u001b[0m\u001b[0m \u001b[0m\u001b[0m    fn chaining_value(&self) -> CVBytes {\u001b[0m\n\u001b[0m    \u001b[0m\u001b[0m\u001b[1m\u001b[38;5;12m| \u001b[0m\u001b[0m                                \u001b[0m\u001b[0m\u001b[1m\u001b[38;5;12m-------\u001b[0m\u001b[0m \u001b[0m\u001b[0m\u001b[1m\u001b[38;5;12mexpected `[u8; 26]` because of return type\u001b[0m\n\u001b[0m\u001b[1m\u001b[38;5;12m...\u001b[0m\n\u001b[0m\u001b[1m\u001b[38;5;12m441\u001b[0m\u001b[0m \u001b[0m\u001b[0m\u001b[1m\u001b[38;5;12m|\u001b[0m\u001b[0m \u001b[0m\u001b[0m        platform::le_bytes_from_words_32(&cv)\u001b[0m\n\u001b[0m    \u001b[0m\u001b[0m\u001b[1m\u001b[38;5;12m| \u001b[0m\u001b[0m        \u001b[0m\u001b[0m\u001b[1m\u001b[38;5;9m^^^^^^^^^^^^^^^^^^^^^^^^^^^^^^^^^^^^^\u001b[0m\u001b[0m \u001b[0m\u001b[0m\u001b[1m\u001b[38;5;9mexpected an array with a fixed size of 26 elements, found one with 32 elements\u001b[0m\n\n"}
{"$message_type":"diagnostic","message":"mismatched types","code":{"code":"E0308","explanation":"Expected type did not match the received type.\n\nErroneous code examples:\n\n```compile_fail,E0308\nfn plus_one(x: i32) -> i32 {\n    x + 1\n}\n\nplus_one(\"Not a number\");\n//       ^^^^^^^^^^^^^^ expected `i32`, found `&str`\n\nif \"Not a bool\" {\n// ^^^^^^^^^^^^ expected `bool`, found `&str`\n}\n\nlet x: f32 = \"Not a float\";\n//     ---   ^^^^^^^^^^^^^ expected `f32`, found `&str`\n//     |\n//     expected due to this\n```\n\nThis error occurs when an expression was used in a place where the compiler\nexpected an expression of a different type. It can occur in several cases, the\nmost common being when calling a function and passing an argument which has a\ndifferent type than the matching type in the function declaration.\n"},"level":"error","spans":[{"file_name":"/home/ubuntu/BLAKE3/src/lib.rs","byte_start":15569,"byte_end":15606,"line_start":449,"line_end":449,"column_start":14,"column_end":51,"is_primary":true,"text":[{"text":"        Hash(platform::le_bytes_from_words_32(&cv))","highlight_start":14,"highlight_end":51}],"label":"expected an array with a fixed size of 26 elements, found one with 32 elements","suggested_replacement":null,"suggestion_applicability":null,"expansion":null},{"file_name":"/home/ubuntu/BLAKE3/src/lib.rs","byte_start":15564,"byte_end":15568,"line_start":449,"line_end":449,"column_start":9,"column_end":13,"is_primary":false,"text":[{"text":"        Hash(platform::le_bytes_from_words_32(&cv))","highlight_start":9,"highlight_end":13}],"label":"arguments to this struct are incorrect","suggested_replacement":null,"suggestion_applicability":null,"expansion":null}],"children":[{"message":"tuple struct defined here","code":null,"level":"note","spans":[{"file_name":"/home/ubuntu/BLAKE3/src/lib.rs","byte_start":8377,"byte_end":8381,"line_start":222,"line_end":222,"column_start":12,"column_end":16,"is_primary":true,"text":[{"text":"pub struct Hash([u8; OUT_LEN]);","highlight_start":12,"highlight_end":16}],"label":null,"suggested_replacement":null,"suggestion_applicability":null,"expansion":null}],"children":[],"rendered":null}],"rendered":"\u001b[0m\u001b[1m\u001b[38;5;9merror[E0308]\u001b[0m\u001b[0m\u001b[1m: mismatched types\u001b[0m\n\u001b[0m   \u001b[0m\u001b[0m\u001b[1m\u001b[38;5;12m--> \u001b[0m\u001b[0m/home/ubuntu/BLAKE3/src/lib.rs:449:14\u001b[0m\n\u001b[0m    \u001b[0m\u001b[0m\u001b[1m\u001b[38;5;12m|\u001b[0m\n\u001b[0m\u001b[1m\u001b[38;5;12m449\u001b[0m\u001b[0m \u001b[0m\u001b[0m\u001b[1m\u001b[38;5;12m|\u001b[0m\u001b[0m \u001b[0m\u001b[0m        Hash(platform::le_bytes_from_words_32(&cv))\u001b[0m\n\u001b[0m    \u001b[0m\u001b[0m\u001b[1m\u001b[38;5;12m| \u001b[0m\u001b[0m        \u001b[0m\u001b[0m\u001b[1m\u001b[38;5;12m----\u001b[0m\u001b[0m \u001b[0m\u001b[0m\u001b[1m\u001b[38;5;9m^^^^^^^^^^^^^^^^^^^^^^^^^^^^^^^^^^^^^\u001b[0m\u001b[0m \u001b[0m\u001b[0m\u001b[1m\u001b[38;5;9mexpected an array with a fixed size of 26 elements, found one with 32 elements\u001b[0m\n\u001b[0m    \u001b[0m\u001b[0m\u001b[1m\u001b[38;5;12m| \u001b[0m\u001b[0m        \u001b[0m\u001b[0m\u001b[1m\u001b[38;5;12m|\u001b[0m\n\u001b[0m    \u001b[0m\u001b[0m\u001b[1m\u001b[38;5;12m| \u001b[0m\u001b[0m        \u001b[0m\u001b[0m\u001b[1m\u001b[38;5;12marguments to this struct are incorrect\u001b[0m\n\u001b[0m    \u001b[0m\u001b[0m\u001b[1m\u001b[38;5;12m|\u001b[0m\n\u001b[0m\u001b[1m\u001b[38;5;10mnote\u001b[0m\u001b[0m: tuple struct defined here\u001b[0m\n\u001b[0m   \u001b[0m\u001b[0m\u001b[1m\u001b[38;5;12m--> \u001b[0m\u001b[0m/home/ubuntu/BLAKE3/src/lib.rs:222:12\u001b[0m\n\u001b[0m    \u001b[0m\u001b[0m\u001b[1m\u001b[38;5;12m|\u001b[0m\n\u001b[0m\u001b[1m\u001b[38;5;12m222\u001b[0m\u001b[0m \u001b[0m\u001b[0m\u001b[1m\u001b[38;5;12m|\u001b[0m\u001b[0m \u001b[0m\u001b[0mpub struct Hash([u8; OUT_LEN]);\u001b[0m\n\u001b[0m    \u001b[0m\u001b[0m\u001b[1m\u001b[38;5;12m| \u001b[0m\u001b[0m           \u001b[0m\u001b[0m\u001b[1m\u001b[38;5;10m^^^^\u001b[0m\n\n"}
{"$message_type":"diagnostic","message":"mismatched types","code":{"code":"E0308","explanation":"Expected type did not match the received type.\n\nErroneous code examples:\n\n```compile_fail,E0308\nfn plus_one(x: i32) -> i32 {\n    x + 1\n}\n\nplus_one(\"Not a number\");\n//       ^^^^^^^^^^^^^^ expected `i32`, found `&str`\n\nif \"Not a bool\" {\n// ^^^^^^^^^^^^ expected `bool`, found `&str`\n}\n\nlet x: f32 = \"Not a float\";\n//     ---   ^^^^^^^^^^^^^ expected `f32`, found `&str`\n//     |\n//     expected due to this\n```\n\nThis error occurs when an expression was used in a place where the compiler\nexpected an expression of a different type. It can occur in several cases, the\nmost common being when calling a function and passing an argument which has a\ndifferent type than the matching type in the function declaration.\n"},"level":"error","spans":[{"file_name":"/home/ubuntu/BLAKE3/src/lib.rs","byte_start":15678,"byte_end":15865,"line_start":453,"line_end":459,"column_start":9,"column_end":10,"is_primary":true,"text":[{"text":"        self.platform.compress_xof(","highlight_start":9,"highlight_end":36},{"text":"            &self.input_chaining_value,","highlight_start":1,"highlight_end":40},{"text":"            &self.block,","highlight_start":1,"highlight_end":25},{"text":"            self.block_len,","highlight_start":1,"highlight_end":28},{"text":"            self.counter,","highlight_start":1,"highlight_end":26},{"text":"            self.flags | ROOT,","highlight_start":1,"highlight_end":31},{"text":"        )","highlight_start":1,"highlight_end":10}],"label":"expected an array with a fixed size of 52 elements, found one with 64 elements","suggested_replacement":null,"suggestion_applicability":null,"expansion":null},{"file_name":"/home/ubuntu/BLAKE3/src/lib.rs","byte_start":15650,"byte_end":15667,"line_start":452,"line_end":452,"column_start":36,"column_end":53,"is_primary":false,"text":[{"text":"    fn root_output_block(&self) -> [u8; 2 * OUT_LEN] {","highlight_start":36,"highlight_end":53}],"label":"expected `[u8; 52]` because of return type","suggested_replacement":null,"suggestion_applicability":null,"expansion":null}],"children":[],"rendered":"\u001b[0m\u001b[1m\u001b[38;5;9merror[E0308]\u001b[0m\u001b[0m\u001b[1m: mismatched types\u001b[0m\n\u001b[0m   \u001b[0m\u001b[0m\u001b[1m\u001b[38;5;12m--> \u001b[0m\u001b[0m/home/ubuntu/BLAKE3/src/lib.rs:453:9\u001b[0m\n\u001b[0m    \u001b[0m\u001b[0m\u001b[1m\u001b[38;5;12m|\u001b[0m\n\u001b[0m\u001b[1m\u001b[38;5;12m452\u001b[0m\u001b[0m \u001b[0m\u001b[0m\u001b[1m\u001b[38;5;12m|\u001b[0m\u001b[0m   \u001b[0m\u001b[0m    fn root_output_block(&self) -> [u8; 2 * OUT_LEN] {\u001b[0m\n\u001b[0m    \u001b[0m\u001b[0m\u001b[1m\u001b[38;5;12m| \u001b[0m\u001b[0m                                     \u001b[0m\u001b[0m\u001b[1m\u001b[38;5;12m-----------------\u001b[0m\u001b[0m \u001b[0m\u001b[0m\u001b[1m\u001b[38;5;12mexpected `[u8; 52]` because of return type\u001b[0m\n\u001b[0m\u001b[1m\u001b[38;5;12m453\u001b[0m\u001b[0m \u001b[0m\u001b[0m\u001b[1m\u001b[38;5;12m|\u001b[0m\u001b[0m \u001b[0m\u001b[0m\u001b[1m\u001b[38;5;9m/\u001b[0m\u001b[0m \u001b[0m\u001b[0m        self.platform.compress_xof(\u001b[0m\n\u001b[0m\u001b[1m\u001b[38;5;12m454\u001b[0m\u001b[0m \u001b[0m\u001b[0m\u001b[1m\u001b[38;5;12m|\u001b[0m\u001b[0m \u001b[0m\u001b[0m\u001b[1m\u001b[38;5;9m|\u001b[0m\u001b[0m \u001b[0m\u001b[0m            &self.input_chaining_value,\u001b[0m\n\u001b[0m\u001b[1m\u001b[38;5;12m455\u001b[0m\u001b[0m \u001b[0m\u001b[0m\u001b[1m\u001b[38;5;12m|\u001b[0m\u001b[0m \u001b[0m\u001b[0m\u001b[1m\u001b[38;5;9m|\u001b[0m\u001b[0m \u001b[0m\u001b[0m            &self.block,\u001b[0m\n\u001b[0m\u001b[1m\u001b[38;5;12m456\u001b[0m\u001b[0m \u001b[0m\u001b[0m\u001b[1m\u001b[38;5;12m|\u001b[0m\u001b[0m \u001b[0m\u001b[0m\u001b[1m\u001b[38;5;9m|\u001b[0m\u001b[0m \u001b[0m\u001b[0m            self.block_len,\u001b[0m\n\u001b[0m\u001b[1m\u001b[38;5;12m457\u001b[0m\u001b[0m \u001b[0m\u001b[0m\u001b[1m\u001b[38;5;12m|\u001b[0m\u001b[0m \u001b[0m\u001b[0m\u001b[1m\u001b[38;5;9m|\u001b[0m\u001b[0m \u001b[0m\u001b[0m            self.counter,\u001b[0m\n\u001b[0m\u001b[1m\u001b[38;5;12m458\u001b[0m\u001b[0m \u001b[0m\u001b[0m\u001b[1m\u001b[38;5;12m|\u001b[0m\u001b[0m \u001b[0m\u001b[0m\u001b[1m\u001b[38;5;9m|\u001b[0m\u001b[0m \u001b[0m\u001b[0m            self.flags | ROOT,\u001b[0m\n\u001b[0m\u001b[1m\u001b[38;5;12m459\u001b[0m\u001b[0m \u001b[0m\u001b[0m\u001b[1m\u001b[38;5;12m|\u001b[0m\u001b[0m \u001b[0m\u001b[0m\u001b[1m\u001b[38;5;9m|\u001b[0m\u001b[0m \u001b[0m\u001b[0m        )\u001b[0m\n\u001b[0m    \u001b[0m\u001b[0m\u001b[1m\u001b[38;5;12m| \u001b[0m\u001b[0m\u001b[1m\u001b[38;5;9m|_________^\u001b[0m\u001b[0m \u001b[0m\u001b[0m\u001b[1m\u001b[38;5;9mexpected an array with a fixed size of 52 elements, found one with 64 elements\u001b[0m\n\n"}
{"$message_type":"diagnostic","message":"mismatched types","code":{"code":"E0308","explanation":"Expected type did not match the received type.\n\nErroneous code examples:\n\n```compile_fail,E0308\nfn plus_one(x: i32) -> i32 {\n    x + 1\n}\n\nplus_one(\"Not a number\");\n//       ^^^^^^^^^^^^^^ expected `i32`, found `&str`\n\nif \"Not a bool\" {\n// ^^^^^^^^^^^^ expected `bool`, found `&str`\n}\n\nlet x: f32 = \"Not a float\";\n//     ---   ^^^^^^^^^^^^^ expected `f32`, found `&str`\n//     |\n//     expected due to this\n```\n\nThis error occurs when an expression was used in a place where the compiler\nexpected an expression of a different type. It can occur in several cases, the\nmost common being when calling a function and passing an argument which has a\ndifferent type than the matching type in the function declaration.\n"},"level":"error","spans":[{"file_name":"/home/ubuntu/BLAKE3/src/lib.rs","byte_start":29893,"byte_end":29930,"line_start":828,"line_end":828,"column_start":5,"column_end":42,"is_primary":true,"text":[{"text":"    *array_ref!(cv_array, 0, 2 * OUT_LEN)","highlight_start":5,"highlight_end":42}],"label":"expected an array with a fixed size of 64 elements, found one with 52 elements","suggested_replacement":null,"suggestion_applicability":null,"expansion":null},{"file_name":"/home/ubuntu/BLAKE3/src/lib.rs","byte_start":29082,"byte_end":29097,"line_start":812,"line_end":812,"column_start":6,"column_end":21,"is_primary":false,"text":[{"text":") -> [u8; BLOCK_LEN] {","highlight_start":6,"highlight_end":21}],"label":"expected `[u8; 64]` because of return type","suggested_replacement":null,"suggestion_applicability":null,"expansion":null}],"children":[{"message":"parentheses are required to parse this as an expression","code":null,"level":"help","spans":[{"file_name":"/home/ubuntu/BLAKE3/src/lib.rs","byte_start":29627,"byte_end":29627,"line_start":823,"line_end":823,"column_start":5,"column_end":5,"is_primary":true,"text":[{"text":"    while num_cvs > 2 {","highlight_start":5,"highlight_end":5}],"label":null,"suggested_replacement":"(","suggestion_applicability":"MachineApplicable","expansion":null},{"file_name":"/home/ubuntu/BLAKE3/src/lib.rs","byte_start":29888,"byte_end":29888,"line_start":827,"line_end":827,"column_start":6,"column_end":6,"is_primary":true,"text":[{"text":"    }","highlight_start":6,"highlight_end":6}],"label":null,"suggested_replacement":")","suggestion_applicability":"MachineApplicable","expansion":null}],"children":[],"rendered":null}],"rendered":"\u001b[0m\u001b[1m\u001b[38;5;9merror[E0308]\u001b[0m\u001b[0m\u001b[1m: mismatched types\u001b[0m\n\u001b[0m   \u001b[0m\u001b[0m\u001b[1m\u001b[38;5;12m--> \u001b[0m\u001b[0m/home/ubuntu/BLAKE3/src/lib.rs:828:5\u001b[0m\n\u001b[0m    \u001b[0m\u001b[0m\u001b[1m\u001b[38;5;12m|\u001b[0m\n\u001b[0m\u001b[1m\u001b[38;5;12m812\u001b[0m\u001b[0m \u001b[0m\u001b[0m\u001b[1m\u001b[38;5;12m|\u001b[0m\u001b[0m \u001b[0m\u001b[0m) -> [u8; BLOCK_LEN] {\u001b[0m\n\u001b[0m    \u001b[0m\u001b[0m\u001b[1m\u001b[38;5;12m| \u001b[0m\u001b[0m     \u001b[0m\u001b[0m\u001b[1m\u001b[38;5;12m---------------\u001b[0m\u001b[0m \u001b[0m\u001b[0m\u001b[1m\u001b[38;5;12mexpected `[u8; 64]` because of return type\u001b[0m\n\u001b[0m\u001b[1m\u001b[38;5;12m...\u001b[0m\n\u001b[0m\u001b[1m\u001b[38;5;12m828\u001b[0m\u001b[0m \u001b[0m\u001b[0m\u001b[1m\u001b[38;5;12m|\u001b[0m\u001b[0m \u001b[0m\u001b[0m    *array_ref!(cv_array, 0, 2 * OUT_LEN)\u001b[0m\n\u001b[0m    \u001b[0m\u001b[0m\u001b[1m\u001b[38;5;12m| \u001b[0m\u001b[0m    \u001b[0m\u001b[0m\u001b[1m\u001b[38;5;9m^^^^^^^^^^^^^^^^^^^^^^^^^^^^^^^^^^^^^\u001b[0m\u001b[0m \u001b[0m\u001b[0m\u001b[1m\u001b[38;5;9mexpected an array with a fixed size of 64 elements, found one with 52 elements\u001b[0m\n\u001b[0m    \u001b[0m\u001b[0m\u001b[1m\u001b[38;5;12m|\u001b[0m\n\u001b[0m\u001b[1m\u001b[38;5;14mhelp\u001b[0m\u001b[0m: parentheses are required to parse this as an expression\u001b[0m\n\u001b[0m    \u001b[0m\u001b[0m\u001b[1m\u001b[38;5;12m|\u001b[0m\n\u001b[0m\u001b[1m\u001b[38;5;12m823\u001b[0m\u001b[0m \u001b[0m\u001b[0m\u001b[38;5;10m~ \u001b[0m\u001b[0m    \u001b[0m\u001b[0m\u001b[38;5;10m(\u001b[0m\u001b[0mwhile num_cvs > 2 {\u001b[0m\n\u001b[0m\u001b[1m\u001b[38;5;12m824\u001b[0m\u001b[0m \u001b[0m\u001b[0m\u001b[1m\u001b[38;5;12m| \u001b[0m\u001b[0m        let cv_slice = &cv_array[..num_cvs * OUT_LEN];\u001b[0m\n\u001b[0m\u001b[1m\u001b[38;5;12m825\u001b[0m\u001b[0m \u001b[0m\u001b[0m\u001b[1m\u001b[38;5;12m| \u001b[0m\u001b[0m        num_cvs = compress_parents_parallel(cv_slice, key, flags, platform, &mut out_array);\u001b[0m\n\u001b[0m\u001b[1m\u001b[38;5;12m826\u001b[0m\u001b[0m \u001b[0m\u001b[0m\u001b[1m\u001b[38;5;12m| \u001b[0m\u001b[0m        cv_array[..num_cvs * OUT_LEN].copy_from_slice(&out_array[..num_cvs * OUT_LEN]);\u001b[0m\n\u001b[0m\u001b[1m\u001b[38;5;12m827\u001b[0m\u001b[0m \u001b[0m\u001b[0m\u001b[38;5;10m~ \u001b[0m\u001b[0m    }\u001b[0m\u001b[0m\u001b[38;5;10m)\u001b[0m\n\u001b[0m    \u001b[0m\u001b[0m\u001b[1m\u001b[38;5;12m|\u001b[0m\n\n"}
{"$message_type":"diagnostic","message":"mismatched types","code":{"code":"E0308","explanation":"Expected type did not match the received type.\n\nErroneous code examples:\n\n```compile_fail,E0308\nfn plus_one(x: i32) -> i32 {\n    x + 1\n}\n\nplus_one(\"Not a number\");\n//       ^^^^^^^^^^^^^^ expected `i32`, found `&str`\n\nif \"Not a bool\" {\n// ^^^^^^^^^^^^ expected `bool`, found `&str`\n}\n\nlet x: f32 = \"Not a float\";\n//     ---   ^^^^^^^^^^^^^ expected `f32`, found `&str`\n//     |\n//     expected due to this\n```\n\nThis error occurs when an expression was used in a place where the compiler\nexpected an expression of a different type. It can occur in several cases, the\nmost common being when calling a function and passing an argument which has a\ndifferent type than the matching type in the function declaration.\n"},"level":"error","spans":[{"file_name":"/home/ubuntu/BLAKE3/src/lib.rs","byte_start":34464,"byte_end":34486,"line_start":927,"line_end":927,"column_start":62,"column_end":84,"is_primary":true,"text":[{"text":"    let context_key_words = platform::words_from_le_bytes_32(context_key.as_bytes());","highlight_start":62,"highlight_end":84}],"label":"expected an array with a fixed size of 32 elements, found one with 26 elements","suggested_replacement":null,"suggestion_applicability":null,"expansion":null},{"file_name":"/home/ubuntu/BLAKE3/src/lib.rs","byte_start":34431,"byte_end":34463,"line_start":927,"line_end":927,"column_start":29,"column_end":61,"is_primary":false,"text":[{"text":"    let context_key_words = platform::words_from_le_bytes_32(context_key.as_bytes());","highlight_start":29,"highlight_end":61}],"label":"arguments to this function are incorrect","suggested_replacement":null,"suggestion_applicability":null,"expansion":null}],"children":[{"message":"function defined here","code":null,"level":"note","spans":[{"file_name":"/home/ubuntu/BLAKE3/src/platform.rs","byte_start":13461,"byte_end":13477,"line_start":442,"line_end":442,"column_start":31,"column_end":47,"is_primary":false,"text":[{"text":"pub fn words_from_le_bytes_32(bytes: &[u8; 32]) -> [u32; 8] {","highlight_start":31,"highlight_end":47}],"label":"","suggested_replacement":null,"suggestion_applicability":null,"expansion":null},{"file_name":"/home/ubuntu/BLAKE3/src/platform.rs","byte_start":13438,"byte_end":13460,"line_start":442,"line_end":442,"column_start":8,"column_end":30,"is_primary":true,"text":[{"text":"pub fn words_from_le_bytes_32(bytes: &[u8; 32]) -> [u32; 8] {","highlight_start":8,"highlight_end":30}],"label":null,"suggested_replacement":null,"suggestion_applicability":null,"expansion":null}],"children":[],"rendered":null}],"rendered":"\u001b[0m\u001b[1m\u001b[38;5;9merror[E0308]\u001b[0m\u001b[0m\u001b[1m: mismatched types\u001b[0m\n\u001b[0m   \u001b[0m\u001b[0m\u001b[1m\u001b[38;5;12m--> \u001b[0m\u001b[0m/home/ubuntu/BLAKE3/src/lib.rs:927:62\u001b[0m\n\u001b[0m    \u001b[0m\u001b[0m\u001b[1m\u001b[38;5;12m|\u001b[0m\n\u001b[0m\u001b[1m\u001b[38;5;12m927\u001b[0m\u001b[0m \u001b[0m\u001b[0m\u001b[1m\u001b[38;5;12m|\u001b[0m\u001b[0m \u001b[0m\u001b[0m    let context_key_words = platform::words_from_le_bytes_32(context_key.as_bytes());\u001b[0m\n\u001b[0m    \u001b[0m\u001b[0m\u001b[1m\u001b[38;5;12m| \u001b[0m\u001b[0m                            \u001b[0m\u001b[0m\u001b[1m\u001b[38;5;12m--------------------------------\u001b[0m\u001b[0m \u001b[0m\u001b[0m\u001b[1m\u001b[38;5;9m^^^^^^^^^^^^^^^^^^^^^^\u001b[0m\u001b[0m \u001b[0m\u001b[0m\u001b[1m\u001b[38;5;9mexpected an array with a fixed size of 32 elements, found one with 26 elements\u001b[0m\n\u001b[0m    \u001b[0m\u001b[0m\u001b[1m\u001b[38;5;12m| \u001b[0m\u001b[0m                            \u001b[0m\u001b[0m\u001b[1m\u001b[38;5;12m|\u001b[0m\n\u001b[0m    \u001b[0m\u001b[0m\u001b[1m\u001b[38;5;12m| \u001b[0m\u001b[0m                            \u001b[0m\u001b[0m\u001b[1m\u001b[38;5;12marguments to this function are incorrect\u001b[0m\n\u001b[0m    \u001b[0m\u001b[0m\u001b[1m\u001b[38;5;12m|\u001b[0m\n\u001b[0m\u001b[1m\u001b[38;5;10mnote\u001b[0m\u001b[0m: function defined here\u001b[0m\n\u001b[0m   \u001b[0m\u001b[0m\u001b[1m\u001b[38;5;12m--> \u001b[0m\u001b[0m/home/ubuntu/BLAKE3/src/platform.rs:442:8\u001b[0m\n\u001b[0m    \u001b[0m\u001b[0m\u001b[1m\u001b[38;5;12m|\u001b[0m\n\u001b[0m\u001b[1m\u001b[38;5;12m442\u001b[0m\u001b[0m \u001b[0m\u001b[0m\u001b[1m\u001b[38;5;12m|\u001b[0m\u001b[0m \u001b[0m\u001b[0mpub fn words_from_le_bytes_32(bytes: &[u8; 32]) -> [u32; 8] {\u001b[0m\n\u001b[0m    \u001b[0m\u001b[0m\u001b[1m\u001b[38;5;12m| \u001b[0m\u001b[0m       \u001b[0m\u001b[0m\u001b[1m\u001b[38;5;10m^^^^^^^^^^^^^^^^^^^^^^\u001b[0m\u001b[0m \u001b[0m\u001b[0m\u001b[1m\u001b[38;5;12m----------------\u001b[0m\n\n"}
{"$message_type":"diagnostic","message":"mismatched types","code":{"code":"E0308","explanation":"Expected type did not match the received type.\n\nErroneous code examples:\n\n```compile_fail,E0308\nfn plus_one(x: i32) -> i32 {\n    x + 1\n}\n\nplus_one(\"Not a number\");\n//       ^^^^^^^^^^^^^^ expected `i32`, found `&str`\n\nif \"Not a bool\" {\n// ^^^^^^^^^^^^ expected `bool`, found `&str`\n}\n\nlet x: f32 = \"Not a float\";\n//     ---   ^^^^^^^^^^^^^ expected `f32`, found `&str`\n//     |\n//     expected due to this\n```\n\nThis error occurs when an expression was used in a place where the compiler\nexpected an expression of a different type. It can occur in several cases, the\nmost common being when calling a function and passing an argument which has a\ndifferent type than the matching type in the function declaration.\n"},"level":"error","spans":[{"file_name":"/home/ubuntu/BLAKE3/src/lib.rs","byte_start":38135,"byte_end":38157,"line_start":1032,"line_end":1032,"column_start":66,"column_end":88,"is_primary":true,"text":[{"text":"        let context_key_words = platform::words_from_le_bytes_32(context_key.as_bytes());","highlight_start":66,"highlight_end":88}],"label":"expected an array with a fixed size of 32 elements, found one with 26 elements","suggested_replacement":null,"suggestion_applicability":null,"expansion":null},{"file_name":"/home/ubuntu/BLAKE3/src/lib.rs","byte_start":38102,"byte_end":38134,"line_start":1032,"line_end":1032,"column_start":33,"column_end":65,"is_primary":false,"text":[{"text":"        let context_key_words = platform::words_from_le_bytes_32(context_key.as_bytes());","highlight_start":33,"highlight_end":65}],"label":"arguments to this function are incorrect","suggested_replacement":null,"suggestion_applicability":null,"expansion":null}],"children":[{"message":"function defined here","code":null,"level":"note","spans":[{"file_name":"/home/ubuntu/BLAKE3/src/platform.rs","byte_start":13461,"byte_end":13477,"line_start":442,"line_end":442,"column_start":31,"column_end":47,"is_primary":false,"text":[{"text":"pub fn words_from_le_bytes_32(bytes: &[u8; 32]) -> [u32; 8] {","highlight_start":31,"highlight_end":47}],"label":"","suggested_replacement":null,"suggestion_applicability":null,"expansion":null},{"file_name":"/home/ubuntu/BLAKE3/src/platform.rs","byte_start":13438,"byte_end":13460,"line_start":442,"line_end":442,"column_start":8,"column_end":30,"is_primary":true,"text":[{"text":"pub fn words_from_le_bytes_32(bytes: &[u8; 32]) -> [u32; 8] {","highlight_start":8,"highlight_end":30}],"label":null,"suggested_replacement":null,"suggestion_applicability":null,"expansion":null}],"children":[],"rendered":null}],"rendered":"\u001b[0m\u001b[1m\u001b[38;5;9merror[E0308]\u001b[0m\u001b[0m\u001b[1m: mismatched types\u001b[0m\n\u001b[0m    \u001b[0m\u001b[0m\u001b[1m\u001b[38;5;12m--> \u001b[0m\u001b[0m/home/ubuntu/BLAKE3/src/lib.rs:1032:66\u001b[0m\n\u001b[0m     \u001b[0m\u001b[0m\u001b[1m\u001b[38;5;12m|\u001b[0m\n\u001b[0m\u001b[1m\u001b[38;5;12m1032\u001b[0m\u001b[0m \u001b[0m\u001b[0m\u001b[1m\u001b[38;5;12m|\u001b[0m\u001b[0m \u001b[0m\u001b[0m        let context_key_words = platform::words_from_le_bytes_32(context_key.as_bytes());\u001b[0m\n\u001b[0m     \u001b[0m\u001b[0m\u001b[1m\u001b[38;5;12m| \u001b[0m\u001b[0m                                \u001b[0m\u001b[0m\u001b[1m\u001b[38;5;12m--------------------------------\u001b[0m\u001b[0m \u001b[0m\u001b[0m\u001b[1m\u001b[38;5;9m^^^^^^^^^^^^^^^^^^^^^^\u001b[0m\u001b[0m \u001b[0m\u001b[0m\u001b[1m\u001b[38;5;9mexpected an array with a fixed size of 32 elements, found one with 26 elements\u001b[0m\n\u001b[0m     \u001b[0m\u001b[0m\u001b[1m\u001b[38;5;12m| \u001b[0m\u001b[0m                                \u001b[0m\u001b[0m\u001b[1m\u001b[38;5;12m|\u001b[0m\n\u001b[0m     \u001b[0m\u001b[0m\u001b[1m\u001b[38;5;12m| \u001b[0m\u001b[0m                                \u001b[0m\u001b[0m\u001b[1m\u001b[38;5;12marguments to this function are incorrect\u001b[0m\n\u001b[0m     \u001b[0m\u001b[0m\u001b[1m\u001b[38;5;12m|\u001b[0m\n\u001b[0m\u001b[1m\u001b[38;5;10mnote\u001b[0m\u001b[0m: function defined here\u001b[0m\n\u001b[0m    \u001b[0m\u001b[0m\u001b[1m\u001b[38;5;12m--> \u001b[0m\u001b[0m/home/ubuntu/BLAKE3/src/platform.rs:442:8\u001b[0m\n\u001b[0m     \u001b[0m\u001b[0m\u001b[1m\u001b[38;5;12m|\u001b[0m\n\u001b[0m\u001b[1m\u001b[38;5;12m442\u001b[0m\u001b[0m  \u001b[0m\u001b[0m\u001b[1m\u001b[38;5;12m|\u001b[0m\u001b[0m \u001b[0m\u001b[0mpub fn words_from_le_bytes_32(bytes: &[u8; 32]) -> [u32; 8] {\u001b[0m\n\u001b[0m     \u001b[0m\u001b[0m\u001b[1m\u001b[38;5;12m| \u001b[0m\u001b[0m       \u001b[0m\u001b[0m\u001b[1m\u001b[38;5;10m^^^^^^^^^^^^^^^^^^^^^^\u001b[0m\u001b[0m \u001b[0m\u001b[0m\u001b[1m\u001b[38;5;12m----------------\u001b[0m\n\n"}
{"$message_type":"diagnostic","message":"mismatched types","code":{"code":"E0308","explanation":"Expected type did not match the received type.\n\nErroneous code examples:\n\n```compile_fail,E0308\nfn plus_one(x: i32) -> i32 {\n    x + 1\n}\n\nplus_one(\"Not a number\");\n//       ^^^^^^^^^^^^^^ expected `i32`, found `&str`\n\nif \"Not a bool\" {\n// ^^^^^^^^^^^^ expected `bool`, found `&str`\n}\n\nlet x: f32 = \"Not a float\";\n//     ---   ^^^^^^^^^^^^^ expected `f32`, found `&str`\n//     |\n//     expected due to this\n```\n\nThis error occurs when an expression was used in a place where the compiler\nexpected an expression of a different type. It can occur in several cases, the\nmost common being when calling a function and passing an argument which has a\ndifferent type than the matching type in the function declaration.\n"},"level":"error","spans":[{"file_name":"/home/ubuntu/BLAKE3/src/lib.rs","byte_start":64645,"byte_end":64675,"line_start":1590,"line_end":1590,"column_start":42,"column_end":72,"is_primary":true,"text":[{"text":"            let block: [u8; BLOCK_LEN] = self.inner.root_output_block();","highlight_start":42,"highlight_end":72}],"label":"expected an array with a fixed size of 64 elements, found one with 52 elements","suggested_replacement":null,"suggestion_applicability":null,"expansion":null},{"file_name":"/home/ubuntu/BLAKE3/src/lib.rs","byte_start":64627,"byte_end":64642,"line_start":1590,"line_end":1590,"column_start":24,"column_end":39,"is_primary":false,"text":[{"text":"            let block: [u8; BLOCK_LEN] = self.inner.root_output_block();","highlight_start":24,"highlight_end":39}],"label":"expected due to this","suggested_replacement":null,"suggestion_applicability":null,"expansion":null}],"children":[],"rendered":"\u001b[0m\u001b[1m\u001b[38;5;9merror[E0308]\u001b[0m\u001b[0m\u001b[1m: mismatched types\u001b[0m\n\u001b[0m    \u001b[0m\u001b[0m\u001b[1m\u001b[38;5;12m--> \u001b[0m\u001b[0m/home/ubuntu/BLAKE3/src/lib.rs:1590:42\u001b[0m\n\u001b[0m     \u001b[0m\u001b[0m\u001b[1m\u001b[38;5;12m|\u001b[0m\n\u001b[0m\u001b[1m\u001b[38;5;12m1590\u001b[0m\u001b[0m \u001b[0m\u001b[0m\u001b[1m\u001b[38;5;12m|\u001b[0m\u001b[0m \u001b[0m\u001b[0m            let block: [u8; BLOCK_LEN] = self.inner.root_output_block();\u001b[0m\n\u001b[0m     \u001b[0m\u001b[0m\u001b[1m\u001b[38;5;12m| \u001b[0m\u001b[0m                       \u001b[0m\u001b[0m\u001b[1m\u001b[38;5;12m---------------\u001b[0m\u001b[0m   \u001b[0m\u001b[0m\u001b[1m\u001b[38;5;9m^^^^^^^^^^^^^^^^^^^^^^^^^^^^^^\u001b[0m\u001b[0m \u001b[0m\u001b[0m\u001b[1m\u001b[38;5;9mexpected an array with a fixed size of 64 elements, found one with 52 elements\u001b[0m\n\u001b[0m     \u001b[0m\u001b[0m\u001b[1m\u001b[38;5;12m| \u001b[0m\u001b[0m                       \u001b[0m\u001b[0m\u001b[1m\u001b[38;5;12m|\u001b[0m\n\u001b[0m     \u001b[0m\u001b[0m\u001b[1m\u001b[38;5;12m| \u001b[0m\u001b[0m                       \u001b[0m\u001b[0m\u001b[1m\u001b[38;5;12mexpected due to this\u001b[0m\n\n"}
{"$message_type":"diagnostic","message":"aborting due to 10 previous errors","code":null,"level":"error","spans":[],"children":[],"rendered":"\u001b[0m\u001b[1m\u001b[38;5;9merror\u001b[0m\u001b[0m\u001b[1m: aborting due to 10 previous errors\u001b[0m\n\n"}
{"$message_type":"diagnostic","message":"For more information about this error, try `rustc --explain E0308`.","code":null,"level":"failure-note","spans":[],"children":[],"rendered":"\u001b[0m\u001b[1mFor more information about this error, try `rustc --explain E0308`.\u001b[0m\n"}
