{"$message_type":"diagnostic","message":"the trait bound `Hash: From<[u8; 32]>` is not satisfied","code":{"code":"E0277","explanation":"You tried to use a type which doesn't implement some trait in a place which\nexpected that trait.\n\nErroneous code example:\n\n```compile_fail,E0277\n// here we declare the Foo trait with a bar method\ntrait Foo {\n    fn bar(&self);\n}\n\n// we now declare a function which takes an object implementing the Foo trait\nfn some_func<T: Foo>(foo: T) {\n    foo.bar();\n}\n\nfn main() {\n    // we now call the method with the i32 type, which doesn't implement\n    // the Foo trait\n    some_func(5i32); // error: the trait bound `i32 : Foo` is not satisfied\n}\n```\n\nIn order to fix this error, verify that the type you're using does implement\nthe trait. Example:\n\n```\ntrait Foo {\n    fn bar(&self);\n}\n\n// we implement the trait on the i32 type\nimpl Foo for i32 {\n    fn bar(&self) {}\n}\n\nfn some_func<T: Foo>(foo: T) {\n    foo.bar(); // we can now use this method since i32 implements the\n               // Foo trait\n}\n\nfn main() {\n    some_func(5i32); // ok!\n}\n```\n\nOr in a generic context, an erroneous code example would look like:\n\n```compile_fail,E0277\nfn some_func<T>(foo: T) {\n    println!(\"{:?}\", foo); // error: the trait `core::fmt::Debug` is not\n                           //        implemented for the type `T`\n}\n\nfn main() {\n    // We now call the method with the i32 type,\n    // which *does* implement the Debug trait.\n    some_func(5i32);\n}\n```\n\nNote that the error here is in the definition of the generic function. Although\nwe only call it with a parameter that does implement `Debug`, the compiler\nstill rejects the function. It must work with all possible input types. In\norder to make this example compile, we need to restrict the generic type we're\naccepting:\n\n```\nuse std::fmt;\n\n// Restrict the input type to types that implement Debug.\nfn some_func<T: fmt::Debug>(foo: T) {\n    println!(\"{:?}\", foo);\n}\n\nfn main() {\n    // Calling the method is still fine, as i32 implements Debug.\n    some_func(5i32);\n\n    // This would fail to compile now:\n    // struct WithoutDebug;\n    // some_func(WithoutDebug);\n}\n```\n\nRust only looks at the signature of the called function, as such it must\nalready specify all requirements that will be used for every type parameter.\n"},"level":"error","spans":[{"file_name":"/home/ubuntu/.cargo/registry/src/index.crates.io-6f17d22bba15001f/blake3-1.5.1/src/guts.rs","byte_start":1327,"byte_end":1331,"line_start":43,"line_end":43,"column_start":37,"column_end":41,"is_primary":true,"text":[{"text":"            output.chaining_value().into()","highlight_start":37,"highlight_end":41}],"label":"the trait `From<[u8; 32]>` is not implemented for `Hash`, which is required by `[u8; 32]: Into<_>`","suggested_replacement":null,"suggestion_applicability":null,"expansion":null}],"children":[{"message":"the trait `From<[u8; 16]>` is implemented for `Hash`","code":null,"level":"help","spans":[],"children":[],"rendered":null},{"message":"required for `[u8; 32]` to implement `Into<Hash>`","code":null,"level":"note","spans":[],"children":[],"rendered":null}],"rendered":"\u001b[0m\u001b[1m\u001b[38;5;9merror[E0277]\u001b[0m\u001b[0m\u001b[1m: the trait bound `Hash: From<[u8; 32]>` is not satisfied\u001b[0m\n\u001b[0m  \u001b[0m\u001b[0m\u001b[1m\u001b[38;5;12m--> \u001b[0m\u001b[0m/home/ubuntu/.cargo/registry/src/index.crates.io-6f17d22bba15001f/blake3-1.5.1/src/guts.rs:43:37\u001b[0m\n\u001b[0m   \u001b[0m\u001b[0m\u001b[1m\u001b[38;5;12m|\u001b[0m\n\u001b[0m\u001b[1m\u001b[38;5;12m43\u001b[0m\u001b[0m \u001b[0m\u001b[0m\u001b[1m\u001b[38;5;12m|\u001b[0m\u001b[0m \u001b[0m\u001b[0m            output.chaining_value().into()\u001b[0m\n\u001b[0m   \u001b[0m\u001b[0m\u001b[1m\u001b[38;5;12m| \u001b[0m\u001b[0m                                    \u001b[0m\u001b[0m\u001b[1m\u001b[38;5;9m^^^^\u001b[0m\u001b[0m \u001b[0m\u001b[0m\u001b[1m\u001b[38;5;9mthe trait `From<[u8; 32]>` is not implemented for `Hash`, which is required by `[u8; 32]: Into<_>`\u001b[0m\n\u001b[0m   \u001b[0m\u001b[0m\u001b[1m\u001b[38;5;12m|\u001b[0m\n\u001b[0m   \u001b[0m\u001b[0m\u001b[1m\u001b[38;5;12m= \u001b[0m\u001b[0m\u001b[1mhelp\u001b[0m\u001b[0m: the trait `From<[u8; 16]>` \u001b[0m\u001b[0m\u001b[1m\u001b[35mis\u001b[0m\u001b[0m implemented for `\u001b[0m\u001b[0m\u001b[1m\u001b[35mHash\u001b[0m\u001b[0m`\u001b[0m\n\u001b[0m   \u001b[0m\u001b[0m\u001b[1m\u001b[38;5;12m= \u001b[0m\u001b[0m\u001b[1mnote\u001b[0m\u001b[0m: required for `[u8; 32]` to implement `Into<Hash>`\u001b[0m\n\n"}
{"$message_type":"diagnostic","message":"arguments to this function are incorrect","code":{"code":"E0308","explanation":"Expected type did not match the received type.\n\nErroneous code examples:\n\n```compile_fail,E0308\nfn plus_one(x: i32) -> i32 {\n    x + 1\n}\n\nplus_one(\"Not a number\");\n//       ^^^^^^^^^^^^^^ expected `i32`, found `&str`\n\nif \"Not a bool\" {\n// ^^^^^^^^^^^^ expected `bool`, found `&str`\n}\n\nlet x: f32 = \"Not a float\";\n//     ---   ^^^^^^^^^^^^^ expected `f32`, found `&str`\n//     |\n//     expected due to this\n```\n\nThis error occurs when an expression was used in a place where the compiler\nexpected an expression of a different type. It can occur in several cases, the\nmost common being when calling a function and passing an argument which has a\ndifferent type than the matching type in the function declaration.\n"},"level":"error","spans":[{"file_name":"/home/ubuntu/.cargo/registry/src/index.crates.io-6f17d22bba15001f/blake3-1.5.1/src/guts.rs","byte_start":1656,"byte_end":1677,"line_start":56,"line_end":56,"column_start":9,"column_end":30,"is_primary":false,"text":[{"text":"        left_child.as_bytes(),","highlight_start":9,"highlight_end":30}],"label":"expected an array with a fixed size of 32 elements, found one with 16 elements","suggested_replacement":null,"suggestion_applicability":null,"expansion":null},{"file_name":"/home/ubuntu/.cargo/registry/src/index.crates.io-6f17d22bba15001f/blake3-1.5.1/src/guts.rs","byte_start":1687,"byte_end":1709,"line_start":57,"line_end":57,"column_start":9,"column_end":31,"is_primary":false,"text":[{"text":"        right_child.as_bytes(),","highlight_start":9,"highlight_end":31}],"label":"expected an array with a fixed size of 32 elements, found one with 16 elements","suggested_replacement":null,"suggestion_applicability":null,"expansion":null},{"file_name":"/home/ubuntu/.cargo/registry/src/index.crates.io-6f17d22bba15001f/blake3-1.5.1/src/guts.rs","byte_start":1621,"byte_end":1646,"line_start":55,"line_end":55,"column_start":18,"column_end":43,"is_primary":true,"text":[{"text":"    let output = crate::parent_node_output(","highlight_start":18,"highlight_end":43}],"label":null,"suggested_replacement":null,"suggestion_applicability":null,"expansion":null}],"children":[{"message":"function defined here","code":null,"level":"note","spans":[{"file_name":"/home/ubuntu/.cargo/registry/src/index.crates.io-6f17d22bba15001f/blake3-1.5.1/src/lib.rs","byte_start":34647,"byte_end":34667,"line_start":934,"line_end":934,"column_start":5,"column_end":25,"is_primary":false,"text":[{"text":"    left_child: &CVBytes,","highlight_start":5,"highlight_end":25}],"label":"","suggested_replacement":null,"suggestion_applicability":null,"expansion":null},{"file_name":"/home/ubuntu/.cargo/registry/src/index.crates.io-6f17d22bba15001f/blake3-1.5.1/src/lib.rs","byte_start":34673,"byte_end":34694,"line_start":935,"line_end":935,"column_start":5,"column_end":26,"is_primary":false,"text":[{"text":"    right_child: &CVBytes,","highlight_start":5,"highlight_end":26}],"label":"","suggested_replacement":null,"suggestion_applicability":null,"expansion":null},{"file_name":"/home/ubuntu/.cargo/registry/src/index.crates.io-6f17d22bba15001f/blake3-1.5.1/src/lib.rs","byte_start":34700,"byte_end":34713,"line_start":936,"line_end":936,"column_start":5,"column_end":18,"is_primary":false,"text":[{"text":"    key: &CVWords,","highlight_start":5,"highlight_end":18}],"label":"","suggested_replacement":null,"suggestion_applicability":null,"expansion":null},{"file_name":"/home/ubuntu/.cargo/registry/src/index.crates.io-6f17d22bba15001f/blake3-1.5.1/src/lib.rs","byte_start":34719,"byte_end":34728,"line_start":937,"line_end":937,"column_start":5,"column_end":14,"is_primary":false,"text":[{"text":"    flags: u8,","highlight_start":5,"highlight_end":14}],"label":"","suggested_replacement":null,"suggestion_applicability":null,"expansion":null},{"file_name":"/home/ubuntu/.cargo/registry/src/index.crates.io-6f17d22bba15001f/blake3-1.5.1/src/lib.rs","byte_start":34734,"byte_end":34752,"line_start":938,"line_end":938,"column_start":5,"column_end":23,"is_primary":false,"text":[{"text":"    platform: Platform,","highlight_start":5,"highlight_end":23}],"label":"","suggested_replacement":null,"suggestion_applicability":null,"expansion":null},{"file_name":"/home/ubuntu/.cargo/registry/src/index.crates.io-6f17d22bba15001f/blake3-1.5.1/src/lib.rs","byte_start":34623,"byte_end":34641,"line_start":933,"line_end":933,"column_start":4,"column_end":22,"is_primary":true,"text":[{"text":"fn parent_node_output(","highlight_start":4,"highlight_end":22}],"label":null,"suggested_replacement":null,"suggestion_applicability":null,"expansion":null}],"children":[],"rendered":null}],"rendered":"\u001b[0m\u001b[1m\u001b[38;5;9merror[E0308]\u001b[0m\u001b[0m\u001b[1m: arguments to this function are incorrect\u001b[0m\n\u001b[0m   \u001b[0m\u001b[0m\u001b[1m\u001b[38;5;12m--> \u001b[0m\u001b[0m/home/ubuntu/.cargo/registry/src/index.crates.io-6f17d22bba15001f/blake3-1.5.1/src/guts.rs:55:18\u001b[0m\n\u001b[0m    \u001b[0m\u001b[0m\u001b[1m\u001b[38;5;12m|\u001b[0m\n\u001b[0m\u001b[1m\u001b[38;5;12m55\u001b[0m\u001b[0m  \u001b[0m\u001b[0m\u001b[1m\u001b[38;5;12m|\u001b[0m\u001b[0m \u001b[0m\u001b[0m    let output = crate::parent_node_output(\u001b[0m\n\u001b[0m    \u001b[0m\u001b[0m\u001b[1m\u001b[38;5;12m| \u001b[0m\u001b[0m                 \u001b[0m\u001b[0m\u001b[1m\u001b[38;5;9m^^^^^^^^^^^^^^^^^^^^^^^^^\u001b[0m\n\u001b[0m\u001b[1m\u001b[38;5;12m56\u001b[0m\u001b[0m  \u001b[0m\u001b[0m\u001b[1m\u001b[38;5;12m|\u001b[0m\u001b[0m \u001b[0m\u001b[0m        left_child.as_bytes(),\u001b[0m\n\u001b[0m    \u001b[0m\u001b[0m\u001b[1m\u001b[38;5;12m| \u001b[0m\u001b[0m        \u001b[0m\u001b[0m\u001b[1m\u001b[38;5;12m---------------------\u001b[0m\u001b[0m \u001b[0m\u001b[0m\u001b[1m\u001b[38;5;12mexpected an array with a fixed size of 32 elements, found one with 16 elements\u001b[0m\n\u001b[0m\u001b[1m\u001b[38;5;12m57\u001b[0m\u001b[0m  \u001b[0m\u001b[0m\u001b[1m\u001b[38;5;12m|\u001b[0m\u001b[0m \u001b[0m\u001b[0m        right_child.as_bytes(),\u001b[0m\n\u001b[0m    \u001b[0m\u001b[0m\u001b[1m\u001b[38;5;12m| \u001b[0m\u001b[0m        \u001b[0m\u001b[0m\u001b[1m\u001b[38;5;12m----------------------\u001b[0m\u001b[0m \u001b[0m\u001b[0m\u001b[1m\u001b[38;5;12mexpected an array with a fixed size of 32 elements, found one with 16 elements\u001b[0m\n\u001b[0m    \u001b[0m\u001b[0m\u001b[1m\u001b[38;5;12m|\u001b[0m\n\u001b[0m\u001b[1m\u001b[38;5;10mnote\u001b[0m\u001b[0m: function defined here\u001b[0m\n\u001b[0m   \u001b[0m\u001b[0m\u001b[1m\u001b[38;5;12m--> \u001b[0m\u001b[0m/home/ubuntu/.cargo/registry/src/index.crates.io-6f17d22bba15001f/blake3-1.5.1/src/lib.rs:933:4\u001b[0m\n\u001b[0m    \u001b[0m\u001b[0m\u001b[1m\u001b[38;5;12m|\u001b[0m\n\u001b[0m\u001b[1m\u001b[38;5;12m933\u001b[0m\u001b[0m \u001b[0m\u001b[0m\u001b[1m\u001b[38;5;12m|\u001b[0m\u001b[0m \u001b[0m\u001b[0mfn parent_node_output(\u001b[0m\n\u001b[0m    \u001b[0m\u001b[0m\u001b[1m\u001b[38;5;12m| \u001b[0m\u001b[0m   \u001b[0m\u001b[0m\u001b[1m\u001b[38;5;10m^^^^^^^^^^^^^^^^^^\u001b[0m\n\u001b[0m\u001b[1m\u001b[38;5;12m934\u001b[0m\u001b[0m \u001b[0m\u001b[0m\u001b[1m\u001b[38;5;12m|\u001b[0m\u001b[0m \u001b[0m\u001b[0m    left_child: &CVBytes,\u001b[0m\n\u001b[0m    \u001b[0m\u001b[0m\u001b[1m\u001b[38;5;12m| \u001b[0m\u001b[0m    \u001b[0m\u001b[0m\u001b[1m\u001b[38;5;12m--------------------\u001b[0m\n\u001b[0m\u001b[1m\u001b[38;5;12m935\u001b[0m\u001b[0m \u001b[0m\u001b[0m\u001b[1m\u001b[38;5;12m|\u001b[0m\u001b[0m \u001b[0m\u001b[0m    right_child: &CVBytes,\u001b[0m\n\u001b[0m    \u001b[0m\u001b[0m\u001b[1m\u001b[38;5;12m| \u001b[0m\u001b[0m    \u001b[0m\u001b[0m\u001b[1m\u001b[38;5;12m---------------------\u001b[0m\n\u001b[0m\u001b[1m\u001b[38;5;12m936\u001b[0m\u001b[0m \u001b[0m\u001b[0m\u001b[1m\u001b[38;5;12m|\u001b[0m\u001b[0m \u001b[0m\u001b[0m    key: &CVWords,\u001b[0m\n\u001b[0m    \u001b[0m\u001b[0m\u001b[1m\u001b[38;5;12m| \u001b[0m\u001b[0m    \u001b[0m\u001b[0m\u001b[1m\u001b[38;5;12m-------------\u001b[0m\n\u001b[0m\u001b[1m\u001b[38;5;12m937\u001b[0m\u001b[0m \u001b[0m\u001b[0m\u001b[1m\u001b[38;5;12m|\u001b[0m\u001b[0m \u001b[0m\u001b[0m    flags: u8,\u001b[0m\n\u001b[0m    \u001b[0m\u001b[0m\u001b[1m\u001b[38;5;12m| \u001b[0m\u001b[0m    \u001b[0m\u001b[0m\u001b[1m\u001b[38;5;12m---------\u001b[0m\n\u001b[0m\u001b[1m\u001b[38;5;12m938\u001b[0m\u001b[0m \u001b[0m\u001b[0m\u001b[1m\u001b[38;5;12m|\u001b[0m\u001b[0m \u001b[0m\u001b[0m    platform: Platform,\u001b[0m\n\u001b[0m    \u001b[0m\u001b[0m\u001b[1m\u001b[38;5;12m| \u001b[0m\u001b[0m    \u001b[0m\u001b[0m\u001b[1m\u001b[38;5;12m------------------\u001b[0m\n\n"}
{"$message_type":"diagnostic","message":"the trait bound `Hash: From<[u8; 32]>` is not satisfied","code":{"code":"E0277","explanation":"You tried to use a type which doesn't implement some trait in a place which\nexpected that trait.\n\nErroneous code example:\n\n```compile_fail,E0277\n// here we declare the Foo trait with a bar method\ntrait Foo {\n    fn bar(&self);\n}\n\n// we now declare a function which takes an object implementing the Foo trait\nfn some_func<T: Foo>(foo: T) {\n    foo.bar();\n}\n\nfn main() {\n    // we now call the method with the i32 type, which doesn't implement\n    // the Foo trait\n    some_func(5i32); // error: the trait bound `i32 : Foo` is not satisfied\n}\n```\n\nIn order to fix this error, verify that the type you're using does implement\nthe trait. Example:\n\n```\ntrait Foo {\n    fn bar(&self);\n}\n\n// we implement the trait on the i32 type\nimpl Foo for i32 {\n    fn bar(&self) {}\n}\n\nfn some_func<T: Foo>(foo: T) {\n    foo.bar(); // we can now use this method since i32 implements the\n               // Foo trait\n}\n\nfn main() {\n    some_func(5i32); // ok!\n}\n```\n\nOr in a generic context, an erroneous code example would look like:\n\n```compile_fail,E0277\nfn some_func<T>(foo: T) {\n    println!(\"{:?}\", foo); // error: the trait `core::fmt::Debug` is not\n                           //        implemented for the type `T`\n}\n\nfn main() {\n    // We now call the method with the i32 type,\n    // which *does* implement the Debug trait.\n    some_func(5i32);\n}\n```\n\nNote that the error here is in the definition of the generic function. Although\nwe only call it with a parameter that does implement `Debug`, the compiler\nstill rejects the function. It must work with all possible input types. In\norder to make this example compile, we need to restrict the generic type we're\naccepting:\n\n```\nuse std::fmt;\n\n// Restrict the input type to types that implement Debug.\nfn some_func<T: fmt::Debug>(foo: T) {\n    println!(\"{:?}\", foo);\n}\n\nfn main() {\n    // Calling the method is still fine, as i32 implements Debug.\n    some_func(5i32);\n\n    // This would fail to compile now:\n    // struct WithoutDebug;\n    // some_func(WithoutDebug);\n}\n```\n\nRust only looks at the signature of the called function, as such it must\nalready specify all requirements that will be used for every type parameter.\n"},"level":"error","spans":[{"file_name":"/home/ubuntu/.cargo/registry/src/index.crates.io-6f17d22bba15001f/blake3-1.5.1/src/guts.rs","byte_start":1882,"byte_end":1886,"line_start":65,"line_end":65,"column_start":33,"column_end":37,"is_primary":true,"text":[{"text":"        output.chaining_value().into()","highlight_start":33,"highlight_end":37}],"label":"the trait `From<[u8; 32]>` is not implemented for `Hash`, which is required by `[u8; 32]: Into<_>`","suggested_replacement":null,"suggestion_applicability":null,"expansion":null}],"children":[{"message":"the trait `From<[u8; 16]>` is implemented for `Hash`","code":null,"level":"help","spans":[],"children":[],"rendered":null},{"message":"required for `[u8; 32]` to implement `Into<Hash>`","code":null,"level":"note","spans":[],"children":[],"rendered":null}],"rendered":"\u001b[0m\u001b[1m\u001b[38;5;9merror[E0277]\u001b[0m\u001b[0m\u001b[1m: the trait bound `Hash: From<[u8; 32]>` is not satisfied\u001b[0m\n\u001b[0m  \u001b[0m\u001b[0m\u001b[1m\u001b[38;5;12m--> \u001b[0m\u001b[0m/home/ubuntu/.cargo/registry/src/index.crates.io-6f17d22bba15001f/blake3-1.5.1/src/guts.rs:65:33\u001b[0m\n\u001b[0m   \u001b[0m\u001b[0m\u001b[1m\u001b[38;5;12m|\u001b[0m\n\u001b[0m\u001b[1m\u001b[38;5;12m65\u001b[0m\u001b[0m \u001b[0m\u001b[0m\u001b[1m\u001b[38;5;12m|\u001b[0m\u001b[0m \u001b[0m\u001b[0m        output.chaining_value().into()\u001b[0m\n\u001b[0m   \u001b[0m\u001b[0m\u001b[1m\u001b[38;5;12m| \u001b[0m\u001b[0m                                \u001b[0m\u001b[0m\u001b[1m\u001b[38;5;9m^^^^\u001b[0m\u001b[0m \u001b[0m\u001b[0m\u001b[1m\u001b[38;5;9mthe trait `From<[u8; 32]>` is not implemented for `Hash`, which is required by `[u8; 32]: Into<_>`\u001b[0m\n\u001b[0m   \u001b[0m\u001b[0m\u001b[1m\u001b[38;5;12m|\u001b[0m\n\u001b[0m   \u001b[0m\u001b[0m\u001b[1m\u001b[38;5;12m= \u001b[0m\u001b[0m\u001b[1mhelp\u001b[0m\u001b[0m: the trait `From<[u8; 16]>` \u001b[0m\u001b[0m\u001b[1m\u001b[35mis\u001b[0m\u001b[0m implemented for `\u001b[0m\u001b[0m\u001b[1m\u001b[35mHash\u001b[0m\u001b[0m`\u001b[0m\n\u001b[0m   \u001b[0m\u001b[0m\u001b[1m\u001b[38;5;12m= \u001b[0m\u001b[0m\u001b[1mnote\u001b[0m\u001b[0m: required for `[u8; 32]` to implement `Into<Hash>`\u001b[0m\n\n"}
{"$message_type":"diagnostic","message":"mismatched types","code":{"code":"E0308","explanation":"Expected type did not match the received type.\n\nErroneous code examples:\n\n```compile_fail,E0308\nfn plus_one(x: i32) -> i32 {\n    x + 1\n}\n\nplus_one(\"Not a number\");\n//       ^^^^^^^^^^^^^^ expected `i32`, found `&str`\n\nif \"Not a bool\" {\n// ^^^^^^^^^^^^ expected `bool`, found `&str`\n}\n\nlet x: f32 = \"Not a float\";\n//     ---   ^^^^^^^^^^^^^ expected `f32`, found `&str`\n//     |\n//     expected due to this\n```\n\nThis error occurs when an expression was used in a place where the compiler\nexpected an expression of a different type. It can occur in several cases, the\nmost common being when calling a function and passing an argument which has a\ndifferent type than the matching type in the function declaration.\n"},"level":"error","spans":[{"file_name":"/home/ubuntu/.cargo/registry/src/index.crates.io-6f17d22bba15001f/arrayref-0.3.7/src/lib.rs","byte_start":9656,"byte_end":9671,"line_start":293,"line_end":293,"column_start":17,"column_end":32,"is_primary":true,"text":[{"text":"                as_array(slice)","highlight_start":17,"highlight_end":32}],"label":"expected an array with a fixed size of 32 elements, found one with 16 elements","suggested_replacement":null,"suggestion_applicability":null,"expansion":{"span":{"file_name":"/home/ubuntu/.cargo/registry/src/index.crates.io-6f17d22bba15001f/blake3-1.5.1/src/portable.rs","byte_start":4727,"byte_end":4761,"line_start":172,"line_end":172,"column_start":13,"column_end":47,"is_primary":false,"text":[{"text":"            array_mut_ref!(output, 0, OUT_LEN),","highlight_start":13,"highlight_end":47}],"label":null,"suggested_replacement":null,"suggestion_applicability":null,"expansion":null},"macro_decl_name":"array_mut_ref!","def_site_span":{"file_name":"/home/ubuntu/.cargo/registry/src/index.crates.io-6f17d22bba15001f/arrayref-0.3.7/src/lib.rs","byte_start":9237,"byte_end":9263,"line_start":282,"line_end":282,"column_start":1,"column_end":27,"is_primary":false,"text":[{"text":"macro_rules! array_mut_ref {","highlight_start":1,"highlight_end":27}],"label":null,"suggested_replacement":null,"suggestion_applicability":null,"expansion":null}}}],"children":[],"rendered":"\u001b[0m\u001b[1m\u001b[38;5;9merror[E0308]\u001b[0m\u001b[0m\u001b[1m: mismatched types\u001b[0m\n\u001b[0m   \u001b[0m\u001b[0m\u001b[1m\u001b[38;5;12m--> \u001b[0m\u001b[0m/home/ubuntu/.cargo/registry/src/index.crates.io-6f17d22bba15001f/blake3-1.5.1/src/portable.rs:172:13\u001b[0m\n\u001b[0m    \u001b[0m\u001b[0m\u001b[1m\u001b[38;5;12m|\u001b[0m\n\u001b[0m\u001b[1m\u001b[38;5;12m172\u001b[0m\u001b[0m \u001b[0m\u001b[0m\u001b[1m\u001b[38;5;12m|\u001b[0m\u001b[0m \u001b[0m\u001b[0m            array_mut_ref!(output, 0, OUT_LEN),\u001b[0m\n\u001b[0m    \u001b[0m\u001b[0m\u001b[1m\u001b[38;5;12m| \u001b[0m\u001b[0m            \u001b[0m\u001b[0m\u001b[1m\u001b[38;5;9m^^^^^^^^^^^^^^^^^^^^^^^^^^^^^^^^^^\u001b[0m\u001b[0m \u001b[0m\u001b[0m\u001b[1m\u001b[38;5;9mexpected an array with a fixed size of 32 elements, found one with 16 elements\u001b[0m\n\u001b[0m    \u001b[0m\u001b[0m\u001b[1m\u001b[38;5;12m|\u001b[0m\n\u001b[0m    \u001b[0m\u001b[0m\u001b[1m\u001b[38;5;12m= \u001b[0m\u001b[0m\u001b[1mnote\u001b[0m\u001b[0m: this error originates in the macro `array_mut_ref` (in Nightly builds, run with -Z macro-backtrace for more info)\u001b[0m\n\n"}
{"$message_type":"diagnostic","message":"arguments to this function are incorrect","code":{"code":"E0308","explanation":"Expected type did not match the received type.\n\nErroneous code examples:\n\n```compile_fail,E0308\nfn plus_one(x: i32) -> i32 {\n    x + 1\n}\n\nplus_one(\"Not a number\");\n//       ^^^^^^^^^^^^^^ expected `i32`, found `&str`\n\nif \"Not a bool\" {\n// ^^^^^^^^^^^^ expected `bool`, found `&str`\n}\n\nlet x: f32 = \"Not a float\";\n//     ---   ^^^^^^^^^^^^^ expected `f32`, found `&str`\n//     |\n//     expected due to this\n```\n\nThis error occurs when an expression was used in a place where the compiler\nexpected an expression of a different type. It can occur in several cases, the\nmost common being when calling a function and passing an argument which has a\ndifferent type than the matching type in the function declaration.\n"},"level":"error","spans":[{"file_name":"/home/ubuntu/.cargo/registry/src/index.crates.io-6f17d22bba15001f/blake3-1.5.1/src/lib.rs","byte_start":11877,"byte_end":11884,"line_start":330,"line_end":330,"column_start":47,"column_end":54,"is_primary":false,"text":[{"text":"        constant_time_eq::constant_time_eq_32(&self.0, &other.0)","highlight_start":47,"highlight_end":54}],"label":"expected an array with a fixed size of 32 elements, found one with 16 elements","suggested_replacement":null,"suggestion_applicability":null,"expansion":null},{"file_name":"/home/ubuntu/.cargo/registry/src/index.crates.io-6f17d22bba15001f/blake3-1.5.1/src/lib.rs","byte_start":11886,"byte_end":11894,"line_start":330,"line_end":330,"column_start":56,"column_end":64,"is_primary":false,"text":[{"text":"        constant_time_eq::constant_time_eq_32(&self.0, &other.0)","highlight_start":56,"highlight_end":64}],"label":"expected an array with a fixed size of 32 elements, found one with 16 elements","suggested_replacement":null,"suggestion_applicability":null,"expansion":null},{"file_name":"/home/ubuntu/.cargo/registry/src/index.crates.io-6f17d22bba15001f/blake3-1.5.1/src/lib.rs","byte_start":11839,"byte_end":11876,"line_start":330,"line_end":330,"column_start":9,"column_end":46,"is_primary":true,"text":[{"text":"        constant_time_eq::constant_time_eq_32(&self.0, &other.0)","highlight_start":9,"highlight_end":46}],"label":null,"suggested_replacement":null,"suggestion_applicability":null,"expansion":null}],"children":[{"message":"function defined here","code":null,"level":"note","spans":[{"file_name":"/home/ubuntu/.cargo/registry/src/index.crates.io-6f17d22bba15001f/constant_time_eq-0.3.0/src/lib.rs","byte_start":4202,"byte_end":4221,"line_start":156,"line_end":156,"column_start":8,"column_end":27,"is_primary":true,"text":[{"text":"pub fn constant_time_eq_32(a: &[u8; 32], b: &[u8; 32]) -> bool {","highlight_start":8,"highlight_end":27}],"label":null,"suggested_replacement":null,"suggestion_applicability":null,"expansion":null}],"children":[],"rendered":null}],"rendered":"\u001b[0m\u001b[1m\u001b[38;5;9merror[E0308]\u001b[0m\u001b[0m\u001b[1m: arguments to this function are incorrect\u001b[0m\n\u001b[0m   \u001b[0m\u001b[0m\u001b[1m\u001b[38;5;12m--> \u001b[0m\u001b[0m/home/ubuntu/.cargo/registry/src/index.crates.io-6f17d22bba15001f/blake3-1.5.1/src/lib.rs:330:9\u001b[0m\n\u001b[0m    \u001b[0m\u001b[0m\u001b[1m\u001b[38;5;12m|\u001b[0m\n\u001b[0m\u001b[1m\u001b[38;5;12m330\u001b[0m\u001b[0m \u001b[0m\u001b[0m\u001b[1m\u001b[38;5;12m|\u001b[0m\u001b[0m \u001b[0m\u001b[0m        constant_time_eq::constant_time_eq_32(&self.0, &other.0)\u001b[0m\n\u001b[0m    \u001b[0m\u001b[0m\u001b[1m\u001b[38;5;12m| \u001b[0m\u001b[0m        \u001b[0m\u001b[0m\u001b[1m\u001b[38;5;9m^^^^^^^^^^^^^^^^^^^^^^^^^^^^^^^^^^^^^\u001b[0m\u001b[0m \u001b[0m\u001b[0m\u001b[1m\u001b[38;5;12m-------\u001b[0m\u001b[0m  \u001b[0m\u001b[0m\u001b[1m\u001b[38;5;12m--------\u001b[0m\u001b[0m \u001b[0m\u001b[0m\u001b[1m\u001b[38;5;12mexpected an array with a fixed size of 32 elements, found one with 16 elements\u001b[0m\n\u001b[0m    \u001b[0m\u001b[0m\u001b[1m\u001b[38;5;12m| \u001b[0m\u001b[0m                                              \u001b[0m\u001b[0m\u001b[1m\u001b[38;5;12m|\u001b[0m\n\u001b[0m    \u001b[0m\u001b[0m\u001b[1m\u001b[38;5;12m| \u001b[0m\u001b[0m                                              \u001b[0m\u001b[0m\u001b[1m\u001b[38;5;12mexpected an array with a fixed size of 32 elements, found one with 16 elements\u001b[0m\n\u001b[0m    \u001b[0m\u001b[0m\u001b[1m\u001b[38;5;12m|\u001b[0m\n\u001b[0m\u001b[1m\u001b[38;5;10mnote\u001b[0m\u001b[0m: function defined here\u001b[0m\n\u001b[0m   \u001b[0m\u001b[0m\u001b[1m\u001b[38;5;12m--> \u001b[0m\u001b[0m/home/ubuntu/.cargo/registry/src/index.crates.io-6f17d22bba15001f/constant_time_eq-0.3.0/src/lib.rs:156:8\u001b[0m\n\u001b[0m    \u001b[0m\u001b[0m\u001b[1m\u001b[38;5;12m|\u001b[0m\n\u001b[0m\u001b[1m\u001b[38;5;12m156\u001b[0m\u001b[0m \u001b[0m\u001b[0m\u001b[1m\u001b[38;5;12m|\u001b[0m\u001b[0m \u001b[0m\u001b[0mpub fn constant_time_eq_32(a: &[u8; 32], b: &[u8; 32]) -> bool {\u001b[0m\n\u001b[0m    \u001b[0m\u001b[0m\u001b[1m\u001b[38;5;12m| \u001b[0m\u001b[0m       \u001b[0m\u001b[0m\u001b[1m\u001b[38;5;10m^^^^^^^^^^^^^^^^^^^\u001b[0m\n\n"}
{"$message_type":"diagnostic","message":"arguments to this function are incorrect","code":{"code":"E0308","explanation":"Expected type did not match the received type.\n\nErroneous code examples:\n\n```compile_fail,E0308\nfn plus_one(x: i32) -> i32 {\n    x + 1\n}\n\nplus_one(\"Not a number\");\n//       ^^^^^^^^^^^^^^ expected `i32`, found `&str`\n\nif \"Not a bool\" {\n// ^^^^^^^^^^^^ expected `bool`, found `&str`\n}\n\nlet x: f32 = \"Not a float\";\n//     ---   ^^^^^^^^^^^^^ expected `f32`, found `&str`\n//     |\n//     expected due to this\n```\n\nThis error occurs when an expression was used in a place where the compiler\nexpected an expression of a different type. It can occur in several cases, the\nmost common being when calling a function and passing an argument which has a\ndifferent type than the matching type in the function declaration.\n"},"level":"error","spans":[{"file_name":"/home/ubuntu/.cargo/registry/src/index.crates.io-6f17d22bba15001f/blake3-1.5.1/src/lib.rs","byte_start":12199,"byte_end":12206,"line_start":341,"line_end":341,"column_start":47,"column_end":54,"is_primary":false,"text":[{"text":"        constant_time_eq::constant_time_eq_32(&self.0, other)","highlight_start":47,"highlight_end":54}],"label":"expected an array with a fixed size of 32 elements, found one with 16 elements","suggested_replacement":null,"suggestion_applicability":null,"expansion":null},{"file_name":"/home/ubuntu/.cargo/registry/src/index.crates.io-6f17d22bba15001f/blake3-1.5.1/src/lib.rs","byte_start":12208,"byte_end":12213,"line_start":341,"line_end":341,"column_start":56,"column_end":61,"is_primary":false,"text":[{"text":"        constant_time_eq::constant_time_eq_32(&self.0, other)","highlight_start":56,"highlight_end":61}],"label":"expected an array with a fixed size of 32 elements, found one with 16 elements","suggested_replacement":null,"suggestion_applicability":null,"expansion":null},{"file_name":"/home/ubuntu/.cargo/registry/src/index.crates.io-6f17d22bba15001f/blake3-1.5.1/src/lib.rs","byte_start":12161,"byte_end":12198,"line_start":341,"line_end":341,"column_start":9,"column_end":46,"is_primary":true,"text":[{"text":"        constant_time_eq::constant_time_eq_32(&self.0, other)","highlight_start":9,"highlight_end":46}],"label":null,"suggested_replacement":null,"suggestion_applicability":null,"expansion":null}],"children":[{"message":"function defined here","code":null,"level":"note","spans":[{"file_name":"/home/ubuntu/.cargo/registry/src/index.crates.io-6f17d22bba15001f/constant_time_eq-0.3.0/src/lib.rs","byte_start":4202,"byte_end":4221,"line_start":156,"line_end":156,"column_start":8,"column_end":27,"is_primary":true,"text":[{"text":"pub fn constant_time_eq_32(a: &[u8; 32], b: &[u8; 32]) -> bool {","highlight_start":8,"highlight_end":27}],"label":null,"suggested_replacement":null,"suggestion_applicability":null,"expansion":null}],"children":[],"rendered":null}],"rendered":"\u001b[0m\u001b[1m\u001b[38;5;9merror[E0308]\u001b[0m\u001b[0m\u001b[1m: arguments to this function are incorrect\u001b[0m\n\u001b[0m   \u001b[0m\u001b[0m\u001b[1m\u001b[38;5;12m--> \u001b[0m\u001b[0m/home/ubuntu/.cargo/registry/src/index.crates.io-6f17d22bba15001f/blake3-1.5.1/src/lib.rs:341:9\u001b[0m\n\u001b[0m    \u001b[0m\u001b[0m\u001b[1m\u001b[38;5;12m|\u001b[0m\n\u001b[0m\u001b[1m\u001b[38;5;12m341\u001b[0m\u001b[0m \u001b[0m\u001b[0m\u001b[1m\u001b[38;5;12m|\u001b[0m\u001b[0m \u001b[0m\u001b[0m        constant_time_eq::constant_time_eq_32(&self.0, other)\u001b[0m\n\u001b[0m    \u001b[0m\u001b[0m\u001b[1m\u001b[38;5;12m| \u001b[0m\u001b[0m        \u001b[0m\u001b[0m\u001b[1m\u001b[38;5;9m^^^^^^^^^^^^^^^^^^^^^^^^^^^^^^^^^^^^^\u001b[0m\u001b[0m \u001b[0m\u001b[0m\u001b[1m\u001b[38;5;12m-------\u001b[0m\u001b[0m  \u001b[0m\u001b[0m\u001b[1m\u001b[38;5;12m-----\u001b[0m\u001b[0m \u001b[0m\u001b[0m\u001b[1m\u001b[38;5;12mexpected an array with a fixed size of 32 elements, found one with 16 elements\u001b[0m\n\u001b[0m    \u001b[0m\u001b[0m\u001b[1m\u001b[38;5;12m| \u001b[0m\u001b[0m                                              \u001b[0m\u001b[0m\u001b[1m\u001b[38;5;12m|\u001b[0m\n\u001b[0m    \u001b[0m\u001b[0m\u001b[1m\u001b[38;5;12m| \u001b[0m\u001b[0m                                              \u001b[0m\u001b[0m\u001b[1m\u001b[38;5;12mexpected an array with a fixed size of 32 elements, found one with 16 elements\u001b[0m\n\u001b[0m    \u001b[0m\u001b[0m\u001b[1m\u001b[38;5;12m|\u001b[0m\n\u001b[0m\u001b[1m\u001b[38;5;10mnote\u001b[0m\u001b[0m: function defined here\u001b[0m\n\u001b[0m   \u001b[0m\u001b[0m\u001b[1m\u001b[38;5;12m--> \u001b[0m\u001b[0m/home/ubuntu/.cargo/registry/src/index.crates.io-6f17d22bba15001f/constant_time_eq-0.3.0/src/lib.rs:156:8\u001b[0m\n\u001b[0m    \u001b[0m\u001b[0m\u001b[1m\u001b[38;5;12m|\u001b[0m\n\u001b[0m\u001b[1m\u001b[38;5;12m156\u001b[0m\u001b[0m \u001b[0m\u001b[0m\u001b[1m\u001b[38;5;12m|\u001b[0m\u001b[0m \u001b[0m\u001b[0mpub fn constant_time_eq_32(a: &[u8; 32], b: &[u8; 32]) -> bool {\u001b[0m\n\u001b[0m    \u001b[0m\u001b[0m\u001b[1m\u001b[38;5;12m| \u001b[0m\u001b[0m       \u001b[0m\u001b[0m\u001b[1m\u001b[38;5;10m^^^^^^^^^^^^^^^^^^^\u001b[0m\n\n"}
{"$message_type":"diagnostic","message":"mismatched types","code":{"code":"E0308","explanation":"Expected type did not match the received type.\n\nErroneous code examples:\n\n```compile_fail,E0308\nfn plus_one(x: i32) -> i32 {\n    x + 1\n}\n\nplus_one(\"Not a number\");\n//       ^^^^^^^^^^^^^^ expected `i32`, found `&str`\n\nif \"Not a bool\" {\n// ^^^^^^^^^^^^ expected `bool`, found `&str`\n}\n\nlet x: f32 = \"Not a float\";\n//     ---   ^^^^^^^^^^^^^ expected `f32`, found `&str`\n//     |\n//     expected due to this\n```\n\nThis error occurs when an expression was used in a place where the compiler\nexpected an expression of a different type. It can occur in several cases, the\nmost common being when calling a function and passing an argument which has a\ndifferent type than the matching type in the function declaration.\n"},"level":"error","spans":[{"file_name":"/home/ubuntu/.cargo/registry/src/index.crates.io-6f17d22bba15001f/blake3-1.5.1/src/lib.rs","byte_start":15569,"byte_end":15606,"line_start":449,"line_end":449,"column_start":14,"column_end":51,"is_primary":true,"text":[{"text":"        Hash(platform::le_bytes_from_words_32(&cv))","highlight_start":14,"highlight_end":51}],"label":"expected an array with a fixed size of 16 elements, found one with 32 elements","suggested_replacement":null,"suggestion_applicability":null,"expansion":null},{"file_name":"/home/ubuntu/.cargo/registry/src/index.crates.io-6f17d22bba15001f/blake3-1.5.1/src/lib.rs","byte_start":15564,"byte_end":15568,"line_start":449,"line_end":449,"column_start":9,"column_end":13,"is_primary":false,"text":[{"text":"        Hash(platform::le_bytes_from_words_32(&cv))","highlight_start":9,"highlight_end":13}],"label":"arguments to this struct are incorrect","suggested_replacement":null,"suggestion_applicability":null,"expansion":null}],"children":[{"message":"tuple struct defined here","code":null,"level":"note","spans":[{"file_name":"/home/ubuntu/.cargo/registry/src/index.crates.io-6f17d22bba15001f/blake3-1.5.1/src/lib.rs","byte_start":8377,"byte_end":8381,"line_start":222,"line_end":222,"column_start":12,"column_end":16,"is_primary":true,"text":[{"text":"pub struct Hash([u8; OUT_LEN]);","highlight_start":12,"highlight_end":16}],"label":null,"suggested_replacement":null,"suggestion_applicability":null,"expansion":null}],"children":[],"rendered":null}],"rendered":"\u001b[0m\u001b[1m\u001b[38;5;9merror[E0308]\u001b[0m\u001b[0m\u001b[1m: mismatched types\u001b[0m\n\u001b[0m   \u001b[0m\u001b[0m\u001b[1m\u001b[38;5;12m--> \u001b[0m\u001b[0m/home/ubuntu/.cargo/registry/src/index.crates.io-6f17d22bba15001f/blake3-1.5.1/src/lib.rs:449:14\u001b[0m\n\u001b[0m    \u001b[0m\u001b[0m\u001b[1m\u001b[38;5;12m|\u001b[0m\n\u001b[0m\u001b[1m\u001b[38;5;12m449\u001b[0m\u001b[0m \u001b[0m\u001b[0m\u001b[1m\u001b[38;5;12m|\u001b[0m\u001b[0m \u001b[0m\u001b[0m        Hash(platform::le_bytes_from_words_32(&cv))\u001b[0m\n\u001b[0m    \u001b[0m\u001b[0m\u001b[1m\u001b[38;5;12m| \u001b[0m\u001b[0m        \u001b[0m\u001b[0m\u001b[1m\u001b[38;5;12m----\u001b[0m\u001b[0m \u001b[0m\u001b[0m\u001b[1m\u001b[38;5;9m^^^^^^^^^^^^^^^^^^^^^^^^^^^^^^^^^^^^^\u001b[0m\u001b[0m \u001b[0m\u001b[0m\u001b[1m\u001b[38;5;9mexpected an array with a fixed size of 16 elements, found one with 32 elements\u001b[0m\n\u001b[0m    \u001b[0m\u001b[0m\u001b[1m\u001b[38;5;12m| \u001b[0m\u001b[0m        \u001b[0m\u001b[0m\u001b[1m\u001b[38;5;12m|\u001b[0m\n\u001b[0m    \u001b[0m\u001b[0m\u001b[1m\u001b[38;5;12m| \u001b[0m\u001b[0m        \u001b[0m\u001b[0m\u001b[1m\u001b[38;5;12marguments to this struct are incorrect\u001b[0m\n\u001b[0m    \u001b[0m\u001b[0m\u001b[1m\u001b[38;5;12m|\u001b[0m\n\u001b[0m\u001b[1m\u001b[38;5;10mnote\u001b[0m\u001b[0m: tuple struct defined here\u001b[0m\n\u001b[0m   \u001b[0m\u001b[0m\u001b[1m\u001b[38;5;12m--> \u001b[0m\u001b[0m/home/ubuntu/.cargo/registry/src/index.crates.io-6f17d22bba15001f/blake3-1.5.1/src/lib.rs:222:12\u001b[0m\n\u001b[0m    \u001b[0m\u001b[0m\u001b[1m\u001b[38;5;12m|\u001b[0m\n\u001b[0m\u001b[1m\u001b[38;5;12m222\u001b[0m\u001b[0m \u001b[0m\u001b[0m\u001b[1m\u001b[38;5;12m|\u001b[0m\u001b[0m \u001b[0m\u001b[0mpub struct Hash([u8; OUT_LEN]);\u001b[0m\n\u001b[0m    \u001b[0m\u001b[0m\u001b[1m\u001b[38;5;12m| \u001b[0m\u001b[0m           \u001b[0m\u001b[0m\u001b[1m\u001b[38;5;10m^^^^\u001b[0m\n\n"}
{"$message_type":"diagnostic","message":"mismatched types","code":{"code":"E0308","explanation":"Expected type did not match the received type.\n\nErroneous code examples:\n\n```compile_fail,E0308\nfn plus_one(x: i32) -> i32 {\n    x + 1\n}\n\nplus_one(\"Not a number\");\n//       ^^^^^^^^^^^^^^ expected `i32`, found `&str`\n\nif \"Not a bool\" {\n// ^^^^^^^^^^^^ expected `bool`, found `&str`\n}\n\nlet x: f32 = \"Not a float\";\n//     ---   ^^^^^^^^^^^^^ expected `f32`, found `&str`\n//     |\n//     expected due to this\n```\n\nThis error occurs when an expression was used in a place where the compiler\nexpected an expression of a different type. It can occur in several cases, the\nmost common being when calling a function and passing an argument which has a\ndifferent type than the matching type in the function declaration.\n"},"level":"error","spans":[{"file_name":"/home/ubuntu/.cargo/registry/src/index.crates.io-6f17d22bba15001f/blake3-1.5.1/src/lib.rs","byte_start":15678,"byte_end":15865,"line_start":453,"line_end":459,"column_start":9,"column_end":10,"is_primary":true,"text":[{"text":"        self.platform.compress_xof(","highlight_start":9,"highlight_end":36},{"text":"            &self.input_chaining_value,","highlight_start":1,"highlight_end":40},{"text":"            &self.block,","highlight_start":1,"highlight_end":25},{"text":"            self.block_len,","highlight_start":1,"highlight_end":28},{"text":"            self.counter,","highlight_start":1,"highlight_end":26},{"text":"            self.flags | ROOT,","highlight_start":1,"highlight_end":31},{"text":"        )","highlight_start":1,"highlight_end":10}],"label":"expected an array with a fixed size of 32 elements, found one with 64 elements","suggested_replacement":null,"suggestion_applicability":null,"expansion":null},{"file_name":"/home/ubuntu/.cargo/registry/src/index.crates.io-6f17d22bba15001f/blake3-1.5.1/src/lib.rs","byte_start":15650,"byte_end":15667,"line_start":452,"line_end":452,"column_start":36,"column_end":53,"is_primary":false,"text":[{"text":"    fn root_output_block(&self) -> [u8; 2 * OUT_LEN] {","highlight_start":36,"highlight_end":53}],"label":"expected `[u8; 32]` because of return type","suggested_replacement":null,"suggestion_applicability":null,"expansion":null}],"children":[],"rendered":"\u001b[0m\u001b[1m\u001b[38;5;9merror[E0308]\u001b[0m\u001b[0m\u001b[1m: mismatched types\u001b[0m\n\u001b[0m   \u001b[0m\u001b[0m\u001b[1m\u001b[38;5;12m--> \u001b[0m\u001b[0m/home/ubuntu/.cargo/registry/src/index.crates.io-6f17d22bba15001f/blake3-1.5.1/src/lib.rs:453:9\u001b[0m\n\u001b[0m    \u001b[0m\u001b[0m\u001b[1m\u001b[38;5;12m|\u001b[0m\n\u001b[0m\u001b[1m\u001b[38;5;12m452\u001b[0m\u001b[0m \u001b[0m\u001b[0m\u001b[1m\u001b[38;5;12m|\u001b[0m\u001b[0m   \u001b[0m\u001b[0m    fn root_output_block(&self) -> [u8; 2 * OUT_LEN] {\u001b[0m\n\u001b[0m    \u001b[0m\u001b[0m\u001b[1m\u001b[38;5;12m| \u001b[0m\u001b[0m                                     \u001b[0m\u001b[0m\u001b[1m\u001b[38;5;12m-----------------\u001b[0m\u001b[0m \u001b[0m\u001b[0m\u001b[1m\u001b[38;5;12mexpected `[u8; 32]` because of return type\u001b[0m\n\u001b[0m\u001b[1m\u001b[38;5;12m453\u001b[0m\u001b[0m \u001b[0m\u001b[0m\u001b[1m\u001b[38;5;12m|\u001b[0m\u001b[0m \u001b[0m\u001b[0m\u001b[1m\u001b[38;5;9m/\u001b[0m\u001b[0m \u001b[0m\u001b[0m        self.platform.compress_xof(\u001b[0m\n\u001b[0m\u001b[1m\u001b[38;5;12m454\u001b[0m\u001b[0m \u001b[0m\u001b[0m\u001b[1m\u001b[38;5;12m|\u001b[0m\u001b[0m \u001b[0m\u001b[0m\u001b[1m\u001b[38;5;9m|\u001b[0m\u001b[0m \u001b[0m\u001b[0m            &self.input_chaining_value,\u001b[0m\n\u001b[0m\u001b[1m\u001b[38;5;12m455\u001b[0m\u001b[0m \u001b[0m\u001b[0m\u001b[1m\u001b[38;5;12m|\u001b[0m\u001b[0m \u001b[0m\u001b[0m\u001b[1m\u001b[38;5;9m|\u001b[0m\u001b[0m \u001b[0m\u001b[0m            &self.block,\u001b[0m\n\u001b[0m\u001b[1m\u001b[38;5;12m456\u001b[0m\u001b[0m \u001b[0m\u001b[0m\u001b[1m\u001b[38;5;12m|\u001b[0m\u001b[0m \u001b[0m\u001b[0m\u001b[1m\u001b[38;5;9m|\u001b[0m\u001b[0m \u001b[0m\u001b[0m            self.block_len,\u001b[0m\n\u001b[0m\u001b[1m\u001b[38;5;12m457\u001b[0m\u001b[0m \u001b[0m\u001b[0m\u001b[1m\u001b[38;5;12m|\u001b[0m\u001b[0m \u001b[0m\u001b[0m\u001b[1m\u001b[38;5;9m|\u001b[0m\u001b[0m \u001b[0m\u001b[0m            self.counter,\u001b[0m\n\u001b[0m\u001b[1m\u001b[38;5;12m458\u001b[0m\u001b[0m \u001b[0m\u001b[0m\u001b[1m\u001b[38;5;12m|\u001b[0m\u001b[0m \u001b[0m\u001b[0m\u001b[1m\u001b[38;5;9m|\u001b[0m\u001b[0m \u001b[0m\u001b[0m            self.flags | ROOT,\u001b[0m\n\u001b[0m\u001b[1m\u001b[38;5;12m459\u001b[0m\u001b[0m \u001b[0m\u001b[0m\u001b[1m\u001b[38;5;12m|\u001b[0m\u001b[0m \u001b[0m\u001b[0m\u001b[1m\u001b[38;5;9m|\u001b[0m\u001b[0m \u001b[0m\u001b[0m        )\u001b[0m\n\u001b[0m    \u001b[0m\u001b[0m\u001b[1m\u001b[38;5;12m| \u001b[0m\u001b[0m\u001b[1m\u001b[38;5;9m|_________^\u001b[0m\u001b[0m \u001b[0m\u001b[0m\u001b[1m\u001b[38;5;9mexpected an array with a fixed size of 32 elements, found one with 64 elements\u001b[0m\n\n"}
{"$message_type":"diagnostic","message":"mismatched types","code":{"code":"E0308","explanation":"Expected type did not match the received type.\n\nErroneous code examples:\n\n```compile_fail,E0308\nfn plus_one(x: i32) -> i32 {\n    x + 1\n}\n\nplus_one(\"Not a number\");\n//       ^^^^^^^^^^^^^^ expected `i32`, found `&str`\n\nif \"Not a bool\" {\n// ^^^^^^^^^^^^ expected `bool`, found `&str`\n}\n\nlet x: f32 = \"Not a float\";\n//     ---   ^^^^^^^^^^^^^ expected `f32`, found `&str`\n//     |\n//     expected due to this\n```\n\nThis error occurs when an expression was used in a place where the compiler\nexpected an expression of a different type. It can occur in several cases, the\nmost common being when calling a function and passing an argument which has a\ndifferent type than the matching type in the function declaration.\n"},"level":"error","spans":[{"file_name":"/home/ubuntu/.cargo/registry/src/index.crates.io-6f17d22bba15001f/blake3-1.5.1/src/lib.rs","byte_start":22680,"byte_end":22717,"line_start":663,"line_end":663,"column_start":13,"column_end":50,"is_primary":true,"text":[{"text":"            chunk_state.output().chaining_value();","highlight_start":13,"highlight_end":50}],"label":"expected an array with a fixed size of 16 elements, found one with 32 elements","suggested_replacement":null,"suggestion_applicability":null,"expansion":null}],"children":[],"rendered":"\u001b[0m\u001b[1m\u001b[38;5;9merror[E0308]\u001b[0m\u001b[0m\u001b[1m: mismatched types\u001b[0m\n\u001b[0m   \u001b[0m\u001b[0m\u001b[1m\u001b[38;5;12m--> \u001b[0m\u001b[0m/home/ubuntu/.cargo/registry/src/index.crates.io-6f17d22bba15001f/blake3-1.5.1/src/lib.rs:663:13\u001b[0m\n\u001b[0m    \u001b[0m\u001b[0m\u001b[1m\u001b[38;5;12m|\u001b[0m\n\u001b[0m\u001b[1m\u001b[38;5;12m663\u001b[0m\u001b[0m \u001b[0m\u001b[0m\u001b[1m\u001b[38;5;12m|\u001b[0m\u001b[0m \u001b[0m\u001b[0m            chunk_state.output().chaining_value();\u001b[0m\n\u001b[0m    \u001b[0m\u001b[0m\u001b[1m\u001b[38;5;12m| \u001b[0m\u001b[0m            \u001b[0m\u001b[0m\u001b[1m\u001b[38;5;9m^^^^^^^^^^^^^^^^^^^^^^^^^^^^^^^^^^^^^\u001b[0m\u001b[0m \u001b[0m\u001b[0m\u001b[1m\u001b[38;5;9mexpected an array with a fixed size of 16 elements, found one with 32 elements\u001b[0m\n\n"}
{"$message_type":"diagnostic","message":"mismatched types","code":{"code":"E0308","explanation":"Expected type did not match the received type.\n\nErroneous code examples:\n\n```compile_fail,E0308\nfn plus_one(x: i32) -> i32 {\n    x + 1\n}\n\nplus_one(\"Not a number\");\n//       ^^^^^^^^^^^^^^ expected `i32`, found `&str`\n\nif \"Not a bool\" {\n// ^^^^^^^^^^^^ expected `bool`, found `&str`\n}\n\nlet x: f32 = \"Not a float\";\n//     ---   ^^^^^^^^^^^^^ expected `f32`, found `&str`\n//     |\n//     expected due to this\n```\n\nThis error occurs when an expression was used in a place where the compiler\nexpected an expression of a different type. It can occur in several cases, the\nmost common being when calling a function and passing an argument which has a\ndifferent type than the matching type in the function declaration.\n"},"level":"error","spans":[{"file_name":"/home/ubuntu/.cargo/registry/src/index.crates.io-6f17d22bba15001f/blake3-1.5.1/src/lib.rs","byte_start":29893,"byte_end":29930,"line_start":828,"line_end":828,"column_start":5,"column_end":42,"is_primary":true,"text":[{"text":"    *array_ref!(cv_array, 0, 2 * OUT_LEN)","highlight_start":5,"highlight_end":42}],"label":"expected an array with a fixed size of 64 elements, found one with 32 elements","suggested_replacement":null,"suggestion_applicability":null,"expansion":null},{"file_name":"/home/ubuntu/.cargo/registry/src/index.crates.io-6f17d22bba15001f/blake3-1.5.1/src/lib.rs","byte_start":29082,"byte_end":29097,"line_start":812,"line_end":812,"column_start":6,"column_end":21,"is_primary":false,"text":[{"text":") -> [u8; BLOCK_LEN] {","highlight_start":6,"highlight_end":21}],"label":"expected `[u8; 64]` because of return type","suggested_replacement":null,"suggestion_applicability":null,"expansion":null}],"children":[{"message":"parentheses are required to parse this as an expression","code":null,"level":"help","spans":[{"file_name":"/home/ubuntu/.cargo/registry/src/index.crates.io-6f17d22bba15001f/blake3-1.5.1/src/lib.rs","byte_start":29627,"byte_end":29627,"line_start":823,"line_end":823,"column_start":5,"column_end":5,"is_primary":true,"text":[{"text":"    while num_cvs > 2 {","highlight_start":5,"highlight_end":5}],"label":null,"suggested_replacement":"(","suggestion_applicability":"MachineApplicable","expansion":null},{"file_name":"/home/ubuntu/.cargo/registry/src/index.crates.io-6f17d22bba15001f/blake3-1.5.1/src/lib.rs","byte_start":29888,"byte_end":29888,"line_start":827,"line_end":827,"column_start":6,"column_end":6,"is_primary":true,"text":[{"text":"    }","highlight_start":6,"highlight_end":6}],"label":null,"suggested_replacement":")","suggestion_applicability":"MachineApplicable","expansion":null}],"children":[],"rendered":null}],"rendered":"\u001b[0m\u001b[1m\u001b[38;5;9merror[E0308]\u001b[0m\u001b[0m\u001b[1m: mismatched types\u001b[0m\n\u001b[0m   \u001b[0m\u001b[0m\u001b[1m\u001b[38;5;12m--> \u001b[0m\u001b[0m/home/ubuntu/.cargo/registry/src/index.crates.io-6f17d22bba15001f/blake3-1.5.1/src/lib.rs:828:5\u001b[0m\n\u001b[0m    \u001b[0m\u001b[0m\u001b[1m\u001b[38;5;12m|\u001b[0m\n\u001b[0m\u001b[1m\u001b[38;5;12m812\u001b[0m\u001b[0m \u001b[0m\u001b[0m\u001b[1m\u001b[38;5;12m|\u001b[0m\u001b[0m \u001b[0m\u001b[0m) -> [u8; BLOCK_LEN] {\u001b[0m\n\u001b[0m    \u001b[0m\u001b[0m\u001b[1m\u001b[38;5;12m| \u001b[0m\u001b[0m     \u001b[0m\u001b[0m\u001b[1m\u001b[38;5;12m---------------\u001b[0m\u001b[0m \u001b[0m\u001b[0m\u001b[1m\u001b[38;5;12mexpected `[u8; 64]` because of return type\u001b[0m\n\u001b[0m\u001b[1m\u001b[38;5;12m...\u001b[0m\n\u001b[0m\u001b[1m\u001b[38;5;12m828\u001b[0m\u001b[0m \u001b[0m\u001b[0m\u001b[1m\u001b[38;5;12m|\u001b[0m\u001b[0m \u001b[0m\u001b[0m    *array_ref!(cv_array, 0, 2 * OUT_LEN)\u001b[0m\n\u001b[0m    \u001b[0m\u001b[0m\u001b[1m\u001b[38;5;12m| \u001b[0m\u001b[0m    \u001b[0m\u001b[0m\u001b[1m\u001b[38;5;9m^^^^^^^^^^^^^^^^^^^^^^^^^^^^^^^^^^^^^\u001b[0m\u001b[0m \u001b[0m\u001b[0m\u001b[1m\u001b[38;5;9mexpected an array with a fixed size of 64 elements, found one with 32 elements\u001b[0m\n\u001b[0m    \u001b[0m\u001b[0m\u001b[1m\u001b[38;5;12m|\u001b[0m\n\u001b[0m\u001b[1m\u001b[38;5;14mhelp\u001b[0m\u001b[0m: parentheses are required to parse this as an expression\u001b[0m\n\u001b[0m    \u001b[0m\u001b[0m\u001b[1m\u001b[38;5;12m|\u001b[0m\n\u001b[0m\u001b[1m\u001b[38;5;12m823\u001b[0m\u001b[0m \u001b[0m\u001b[0m\u001b[38;5;10m~ \u001b[0m\u001b[0m    \u001b[0m\u001b[0m\u001b[38;5;10m(\u001b[0m\u001b[0mwhile num_cvs > 2 {\u001b[0m\n\u001b[0m\u001b[1m\u001b[38;5;12m824\u001b[0m\u001b[0m \u001b[0m\u001b[0m\u001b[1m\u001b[38;5;12m| \u001b[0m\u001b[0m        let cv_slice = &cv_array[..num_cvs * OUT_LEN];\u001b[0m\n\u001b[0m\u001b[1m\u001b[38;5;12m825\u001b[0m\u001b[0m \u001b[0m\u001b[0m\u001b[1m\u001b[38;5;12m| \u001b[0m\u001b[0m        num_cvs = compress_parents_parallel(cv_slice, key, flags, platform, &mut out_array);\u001b[0m\n\u001b[0m\u001b[1m\u001b[38;5;12m826\u001b[0m\u001b[0m \u001b[0m\u001b[0m\u001b[1m\u001b[38;5;12m| \u001b[0m\u001b[0m        cv_array[..num_cvs * OUT_LEN].copy_from_slice(&out_array[..num_cvs * OUT_LEN]);\u001b[0m\n\u001b[0m\u001b[1m\u001b[38;5;12m827\u001b[0m\u001b[0m \u001b[0m\u001b[0m\u001b[38;5;10m~ \u001b[0m\u001b[0m    }\u001b[0m\u001b[0m\u001b[38;5;10m)\u001b[0m\n\u001b[0m    \u001b[0m\u001b[0m\u001b[1m\u001b[38;5;12m|\u001b[0m\n\n"}
{"$message_type":"diagnostic","message":"mismatched types","code":{"code":"E0308","explanation":"Expected type did not match the received type.\n\nErroneous code examples:\n\n```compile_fail,E0308\nfn plus_one(x: i32) -> i32 {\n    x + 1\n}\n\nplus_one(\"Not a number\");\n//       ^^^^^^^^^^^^^^ expected `i32`, found `&str`\n\nif \"Not a bool\" {\n// ^^^^^^^^^^^^ expected `bool`, found `&str`\n}\n\nlet x: f32 = \"Not a float\";\n//     ---   ^^^^^^^^^^^^^ expected `f32`, found `&str`\n//     |\n//     expected due to this\n```\n\nThis error occurs when an expression was used in a place where the compiler\nexpected an expression of a different type. It can occur in several cases, the\nmost common being when calling a function and passing an argument which has a\ndifferent type than the matching type in the function declaration.\n"},"level":"error","spans":[{"file_name":"/home/ubuntu/.cargo/registry/src/index.crates.io-6f17d22bba15001f/blake3-1.5.1/src/lib.rs","byte_start":34464,"byte_end":34486,"line_start":927,"line_end":927,"column_start":62,"column_end":84,"is_primary":true,"text":[{"text":"    let context_key_words = platform::words_from_le_bytes_32(context_key.as_bytes());","highlight_start":62,"highlight_end":84}],"label":"expected an array with a fixed size of 32 elements, found one with 16 elements","suggested_replacement":null,"suggestion_applicability":null,"expansion":null},{"file_name":"/home/ubuntu/.cargo/registry/src/index.crates.io-6f17d22bba15001f/blake3-1.5.1/src/lib.rs","byte_start":34431,"byte_end":34463,"line_start":927,"line_end":927,"column_start":29,"column_end":61,"is_primary":false,"text":[{"text":"    let context_key_words = platform::words_from_le_bytes_32(context_key.as_bytes());","highlight_start":29,"highlight_end":61}],"label":"arguments to this function are incorrect","suggested_replacement":null,"suggestion_applicability":null,"expansion":null}],"children":[{"message":"function defined here","code":null,"level":"note","spans":[{"file_name":"/home/ubuntu/.cargo/registry/src/index.crates.io-6f17d22bba15001f/blake3-1.5.1/src/platform.rs","byte_start":13461,"byte_end":13477,"line_start":442,"line_end":442,"column_start":31,"column_end":47,"is_primary":false,"text":[{"text":"pub fn words_from_le_bytes_32(bytes: &[u8; 32]) -> [u32; 8] {","highlight_start":31,"highlight_end":47}],"label":"","suggested_replacement":null,"suggestion_applicability":null,"expansion":null},{"file_name":"/home/ubuntu/.cargo/registry/src/index.crates.io-6f17d22bba15001f/blake3-1.5.1/src/platform.rs","byte_start":13438,"byte_end":13460,"line_start":442,"line_end":442,"column_start":8,"column_end":30,"is_primary":true,"text":[{"text":"pub fn words_from_le_bytes_32(bytes: &[u8; 32]) -> [u32; 8] {","highlight_start":8,"highlight_end":30}],"label":null,"suggested_replacement":null,"suggestion_applicability":null,"expansion":null}],"children":[],"rendered":null}],"rendered":"\u001b[0m\u001b[1m\u001b[38;5;9merror[E0308]\u001b[0m\u001b[0m\u001b[1m: mismatched types\u001b[0m\n\u001b[0m   \u001b[0m\u001b[0m\u001b[1m\u001b[38;5;12m--> \u001b[0m\u001b[0m/home/ubuntu/.cargo/registry/src/index.crates.io-6f17d22bba15001f/blake3-1.5.1/src/lib.rs:927:62\u001b[0m\n\u001b[0m    \u001b[0m\u001b[0m\u001b[1m\u001b[38;5;12m|\u001b[0m\n\u001b[0m\u001b[1m\u001b[38;5;12m927\u001b[0m\u001b[0m \u001b[0m\u001b[0m\u001b[1m\u001b[38;5;12m|\u001b[0m\u001b[0m \u001b[0m\u001b[0m    let context_key_words = platform::words_from_le_bytes_32(context_key.as_bytes());\u001b[0m\n\u001b[0m    \u001b[0m\u001b[0m\u001b[1m\u001b[38;5;12m| \u001b[0m\u001b[0m                            \u001b[0m\u001b[0m\u001b[1m\u001b[38;5;12m--------------------------------\u001b[0m\u001b[0m \u001b[0m\u001b[0m\u001b[1m\u001b[38;5;9m^^^^^^^^^^^^^^^^^^^^^^\u001b[0m\u001b[0m \u001b[0m\u001b[0m\u001b[1m\u001b[38;5;9mexpected an array with a fixed size of 32 elements, found one with 16 elements\u001b[0m\n\u001b[0m    \u001b[0m\u001b[0m\u001b[1m\u001b[38;5;12m| \u001b[0m\u001b[0m                            \u001b[0m\u001b[0m\u001b[1m\u001b[38;5;12m|\u001b[0m\n\u001b[0m    \u001b[0m\u001b[0m\u001b[1m\u001b[38;5;12m| \u001b[0m\u001b[0m                            \u001b[0m\u001b[0m\u001b[1m\u001b[38;5;12marguments to this function are incorrect\u001b[0m\n\u001b[0m    \u001b[0m\u001b[0m\u001b[1m\u001b[38;5;12m|\u001b[0m\n\u001b[0m\u001b[1m\u001b[38;5;10mnote\u001b[0m\u001b[0m: function defined here\u001b[0m\n\u001b[0m   \u001b[0m\u001b[0m\u001b[1m\u001b[38;5;12m--> \u001b[0m\u001b[0m/home/ubuntu/.cargo/registry/src/index.crates.io-6f17d22bba15001f/blake3-1.5.1/src/platform.rs:442:8\u001b[0m\n\u001b[0m    \u001b[0m\u001b[0m\u001b[1m\u001b[38;5;12m|\u001b[0m\n\u001b[0m\u001b[1m\u001b[38;5;12m442\u001b[0m\u001b[0m \u001b[0m\u001b[0m\u001b[1m\u001b[38;5;12m|\u001b[0m\u001b[0m \u001b[0m\u001b[0mpub fn words_from_le_bytes_32(bytes: &[u8; 32]) -> [u32; 8] {\u001b[0m\n\u001b[0m    \u001b[0m\u001b[0m\u001b[1m\u001b[38;5;12m| \u001b[0m\u001b[0m       \u001b[0m\u001b[0m\u001b[1m\u001b[38;5;10m^^^^^^^^^^^^^^^^^^^^^^\u001b[0m\u001b[0m \u001b[0m\u001b[0m\u001b[1m\u001b[38;5;12m----------------\u001b[0m\n\n"}
{"$message_type":"diagnostic","message":"mismatched types","code":{"code":"E0308","explanation":"Expected type did not match the received type.\n\nErroneous code examples:\n\n```compile_fail,E0308\nfn plus_one(x: i32) -> i32 {\n    x + 1\n}\n\nplus_one(\"Not a number\");\n//       ^^^^^^^^^^^^^^ expected `i32`, found `&str`\n\nif \"Not a bool\" {\n// ^^^^^^^^^^^^ expected `bool`, found `&str`\n}\n\nlet x: f32 = \"Not a float\";\n//     ---   ^^^^^^^^^^^^^ expected `f32`, found `&str`\n//     |\n//     expected due to this\n```\n\nThis error occurs when an expression was used in a place where the compiler\nexpected an expression of a different type. It can occur in several cases, the\nmost common being when calling a function and passing an argument which has a\ndifferent type than the matching type in the function declaration.\n"},"level":"error","spans":[{"file_name":"/home/ubuntu/.cargo/registry/src/index.crates.io-6f17d22bba15001f/blake3-1.5.1/src/lib.rs","byte_start":38135,"byte_end":38157,"line_start":1032,"line_end":1032,"column_start":66,"column_end":88,"is_primary":true,"text":[{"text":"        let context_key_words = platform::words_from_le_bytes_32(context_key.as_bytes());","highlight_start":66,"highlight_end":88}],"label":"expected an array with a fixed size of 32 elements, found one with 16 elements","suggested_replacement":null,"suggestion_applicability":null,"expansion":null},{"file_name":"/home/ubuntu/.cargo/registry/src/index.crates.io-6f17d22bba15001f/blake3-1.5.1/src/lib.rs","byte_start":38102,"byte_end":38134,"line_start":1032,"line_end":1032,"column_start":33,"column_end":65,"is_primary":false,"text":[{"text":"        let context_key_words = platform::words_from_le_bytes_32(context_key.as_bytes());","highlight_start":33,"highlight_end":65}],"label":"arguments to this function are incorrect","suggested_replacement":null,"suggestion_applicability":null,"expansion":null}],"children":[{"message":"function defined here","code":null,"level":"note","spans":[{"file_name":"/home/ubuntu/.cargo/registry/src/index.crates.io-6f17d22bba15001f/blake3-1.5.1/src/platform.rs","byte_start":13461,"byte_end":13477,"line_start":442,"line_end":442,"column_start":31,"column_end":47,"is_primary":false,"text":[{"text":"pub fn words_from_le_bytes_32(bytes: &[u8; 32]) -> [u32; 8] {","highlight_start":31,"highlight_end":47}],"label":"","suggested_replacement":null,"suggestion_applicability":null,"expansion":null},{"file_name":"/home/ubuntu/.cargo/registry/src/index.crates.io-6f17d22bba15001f/blake3-1.5.1/src/platform.rs","byte_start":13438,"byte_end":13460,"line_start":442,"line_end":442,"column_start":8,"column_end":30,"is_primary":true,"text":[{"text":"pub fn words_from_le_bytes_32(bytes: &[u8; 32]) -> [u32; 8] {","highlight_start":8,"highlight_end":30}],"label":null,"suggested_replacement":null,"suggestion_applicability":null,"expansion":null}],"children":[],"rendered":null}],"rendered":"\u001b[0m\u001b[1m\u001b[38;5;9merror[E0308]\u001b[0m\u001b[0m\u001b[1m: mismatched types\u001b[0m\n\u001b[0m    \u001b[0m\u001b[0m\u001b[1m\u001b[38;5;12m--> \u001b[0m\u001b[0m/home/ubuntu/.cargo/registry/src/index.crates.io-6f17d22bba15001f/blake3-1.5.1/src/lib.rs:1032:66\u001b[0m\n\u001b[0m     \u001b[0m\u001b[0m\u001b[1m\u001b[38;5;12m|\u001b[0m\n\u001b[0m\u001b[1m\u001b[38;5;12m1032\u001b[0m\u001b[0m \u001b[0m\u001b[0m\u001b[1m\u001b[38;5;12m|\u001b[0m\u001b[0m \u001b[0m\u001b[0m        let context_key_words = platform::words_from_le_bytes_32(context_key.as_bytes());\u001b[0m\n\u001b[0m     \u001b[0m\u001b[0m\u001b[1m\u001b[38;5;12m| \u001b[0m\u001b[0m                                \u001b[0m\u001b[0m\u001b[1m\u001b[38;5;12m--------------------------------\u001b[0m\u001b[0m \u001b[0m\u001b[0m\u001b[1m\u001b[38;5;9m^^^^^^^^^^^^^^^^^^^^^^\u001b[0m\u001b[0m \u001b[0m\u001b[0m\u001b[1m\u001b[38;5;9mexpected an array with a fixed size of 32 elements, found one with 16 elements\u001b[0m\n\u001b[0m     \u001b[0m\u001b[0m\u001b[1m\u001b[38;5;12m| \u001b[0m\u001b[0m                                \u001b[0m\u001b[0m\u001b[1m\u001b[38;5;12m|\u001b[0m\n\u001b[0m     \u001b[0m\u001b[0m\u001b[1m\u001b[38;5;12m| \u001b[0m\u001b[0m                                \u001b[0m\u001b[0m\u001b[1m\u001b[38;5;12marguments to this function are incorrect\u001b[0m\n\u001b[0m     \u001b[0m\u001b[0m\u001b[1m\u001b[38;5;12m|\u001b[0m\n\u001b[0m\u001b[1m\u001b[38;5;10mnote\u001b[0m\u001b[0m: function defined here\u001b[0m\n\u001b[0m    \u001b[0m\u001b[0m\u001b[1m\u001b[38;5;12m--> \u001b[0m\u001b[0m/home/ubuntu/.cargo/registry/src/index.crates.io-6f17d22bba15001f/blake3-1.5.1/src/platform.rs:442:8\u001b[0m\n\u001b[0m     \u001b[0m\u001b[0m\u001b[1m\u001b[38;5;12m|\u001b[0m\n\u001b[0m\u001b[1m\u001b[38;5;12m442\u001b[0m\u001b[0m  \u001b[0m\u001b[0m\u001b[1m\u001b[38;5;12m|\u001b[0m\u001b[0m \u001b[0m\u001b[0mpub fn words_from_le_bytes_32(bytes: &[u8; 32]) -> [u32; 8] {\u001b[0m\n\u001b[0m     \u001b[0m\u001b[0m\u001b[1m\u001b[38;5;12m| \u001b[0m\u001b[0m       \u001b[0m\u001b[0m\u001b[1m\u001b[38;5;10m^^^^^^^^^^^^^^^^^^^^^^\u001b[0m\u001b[0m \u001b[0m\u001b[0m\u001b[1m\u001b[38;5;12m----------------\u001b[0m\n\n"}
{"$message_type":"diagnostic","message":"mismatched types","code":{"code":"E0308","explanation":"Expected type did not match the received type.\n\nErroneous code examples:\n\n```compile_fail,E0308\nfn plus_one(x: i32) -> i32 {\n    x + 1\n}\n\nplus_one(\"Not a number\");\n//       ^^^^^^^^^^^^^^ expected `i32`, found `&str`\n\nif \"Not a bool\" {\n// ^^^^^^^^^^^^ expected `bool`, found `&str`\n}\n\nlet x: f32 = \"Not a float\";\n//     ---   ^^^^^^^^^^^^^ expected `f32`, found `&str`\n//     |\n//     expected due to this\n```\n\nThis error occurs when an expression was used in a place where the compiler\nexpected an expression of a different type. It can occur in several cases, the\nmost common being when calling a function and passing an argument which has a\ndifferent type than the matching type in the function declaration.\n"},"level":"error","spans":[{"file_name":"/home/ubuntu/.cargo/registry/src/index.crates.io-6f17d22bba15001f/blake3-1.5.1/src/lib.rs","byte_start":64645,"byte_end":64675,"line_start":1590,"line_end":1590,"column_start":42,"column_end":72,"is_primary":true,"text":[{"text":"            let block: [u8; BLOCK_LEN] = self.inner.root_output_block();","highlight_start":42,"highlight_end":72}],"label":"expected an array with a fixed size of 64 elements, found one with 32 elements","suggested_replacement":null,"suggestion_applicability":null,"expansion":null},{"file_name":"/home/ubuntu/.cargo/registry/src/index.crates.io-6f17d22bba15001f/blake3-1.5.1/src/lib.rs","byte_start":64627,"byte_end":64642,"line_start":1590,"line_end":1590,"column_start":24,"column_end":39,"is_primary":false,"text":[{"text":"            let block: [u8; BLOCK_LEN] = self.inner.root_output_block();","highlight_start":24,"highlight_end":39}],"label":"expected due to this","suggested_replacement":null,"suggestion_applicability":null,"expansion":null}],"children":[],"rendered":"\u001b[0m\u001b[1m\u001b[38;5;9merror[E0308]\u001b[0m\u001b[0m\u001b[1m: mismatched types\u001b[0m\n\u001b[0m    \u001b[0m\u001b[0m\u001b[1m\u001b[38;5;12m--> \u001b[0m\u001b[0m/home/ubuntu/.cargo/registry/src/index.crates.io-6f17d22bba15001f/blake3-1.5.1/src/lib.rs:1590:42\u001b[0m\n\u001b[0m     \u001b[0m\u001b[0m\u001b[1m\u001b[38;5;12m|\u001b[0m\n\u001b[0m\u001b[1m\u001b[38;5;12m1590\u001b[0m\u001b[0m \u001b[0m\u001b[0m\u001b[1m\u001b[38;5;12m|\u001b[0m\u001b[0m \u001b[0m\u001b[0m            let block: [u8; BLOCK_LEN] = self.inner.root_output_block();\u001b[0m\n\u001b[0m     \u001b[0m\u001b[0m\u001b[1m\u001b[38;5;12m| \u001b[0m\u001b[0m                       \u001b[0m\u001b[0m\u001b[1m\u001b[38;5;12m---------------\u001b[0m\u001b[0m   \u001b[0m\u001b[0m\u001b[1m\u001b[38;5;9m^^^^^^^^^^^^^^^^^^^^^^^^^^^^^^\u001b[0m\u001b[0m \u001b[0m\u001b[0m\u001b[1m\u001b[38;5;9mexpected an array with a fixed size of 64 elements, found one with 32 elements\u001b[0m\n\u001b[0m     \u001b[0m\u001b[0m\u001b[1m\u001b[38;5;12m| \u001b[0m\u001b[0m                       \u001b[0m\u001b[0m\u001b[1m\u001b[38;5;12m|\u001b[0m\n\u001b[0m     \u001b[0m\u001b[0m\u001b[1m\u001b[38;5;12m| \u001b[0m\u001b[0m                       \u001b[0m\u001b[0m\u001b[1m\u001b[38;5;12mexpected due to this\u001b[0m\n\n"}
{"$message_type":"diagnostic","message":"aborting due to 13 previous errors","code":null,"level":"error","spans":[],"children":[],"rendered":"\u001b[0m\u001b[1m\u001b[38;5;9merror\u001b[0m\u001b[0m\u001b[1m: aborting due to 13 previous errors\u001b[0m\n\n"}
{"$message_type":"diagnostic","message":"Some errors have detailed explanations: E0277, E0308.","code":null,"level":"failure-note","spans":[],"children":[],"rendered":"\u001b[0m\u001b[1mSome errors have detailed explanations: E0277, E0308.\u001b[0m\n"}
{"$message_type":"diagnostic","message":"For more information about an error, try `rustc --explain E0277`.","code":null,"level":"failure-note","spans":[],"children":[],"rendered":"\u001b[0m\u001b[1mFor more information about an error, try `rustc --explain E0277`.\u001b[0m\n"}
